(10.00Mbit 75ms delay 0.00000% loss) (10.00Mbit 75ms delay 0.00000% loss) (100.00Mbit 1ms delay 2.00000% loss) (100.00Mbit 1ms delay 2.00000% loss) *** Configuring hosts
h1 h2 r1 
[sidecar] Setting congestion control to cubic
[sidecar] tso and gso are OFF
[sidecar] Starting the NGINX/Python webserver on h1...
[sidecar] NOT starting the TCP PEP or sidecar
*** h2 : ('iperf3 -c 10.0.1.10 -t 75 -f m -b 20M -C cubic -i 0.1',)
Connecting to host 10.0.1.10, port 5201
[  5] local 10.0.2.10 port 53822 connected to 10.0.1.10 port 5201
[ ID] Interval           Transfer     Bitrate         Retr  Cwnd
[  5]   0.00-0.15   sec  76.4 KBytes  4.11 Mbits/sec    0   14.1 KBytes       
[  5]   0.15-0.20   sec  0.00 Bytes  0.00 Mbits/sec    0   14.1 KBytes       
[  5]   0.20-0.30   sec  0.00 Bytes  0.00 Mbits/sec    0   14.1 KBytes       
[  5]   0.30-0.40   sec  84.8 KBytes  6.95 Mbits/sec    0   28.3 KBytes       
[  5]   0.40-0.50   sec   128 KBytes  10.5 Mbits/sec    0   55.1 KBytes       
[  5]   0.50-0.60   sec  0.00 Bytes  0.00 Mbits/sec    0   56.6 KBytes       
[  5]   0.60-0.70   sec   256 KBytes  21.0 Mbits/sec    0    113 KBytes       
[  5]   0.70-0.80   sec   256 KBytes  21.0 Mbits/sec    0    161 KBytes       
[  5]   0.80-0.90   sec  0.00 Bytes  0.00 Mbits/sec    2    181 KBytes       
[  5]   0.90-1.00   sec  0.00 Bytes  0.00 Mbits/sec    0    150 KBytes       
[  5]   1.00-1.10   sec   128 KBytes  10.5 Mbits/sec    3    133 KBytes       
[  5]   1.10-1.20   sec   128 KBytes  10.5 Mbits/sec    0    130 KBytes       
[  5]   1.20-1.30   sec   128 KBytes  10.5 Mbits/sec    1    103 KBytes       
[  5]   1.30-1.40   sec   128 KBytes  10.5 Mbits/sec    1   90.5 KBytes       
[  5]   1.40-1.50   sec  0.00 Bytes  0.00 Mbits/sec    0   73.5 KBytes       
[  5]   1.50-1.60   sec   128 KBytes  10.5 Mbits/sec    0   65.0 KBytes       
[  5]   1.60-1.70   sec   128 KBytes  10.5 Mbits/sec    0   67.9 KBytes       
[  5]   1.70-1.80   sec  0.00 Bytes  0.00 Mbits/sec    1   59.4 KBytes       
[  5]   1.80-1.90   sec  0.00 Bytes  0.00 Mbits/sec    1   46.7 KBytes       
[  5]   1.90-2.00   sec   128 KBytes  10.5 Mbits/sec    0   46.7 KBytes       
[  5]   2.00-2.10   sec  0.00 Bytes  0.00 Mbits/sec    0   48.1 KBytes       
[  5]   2.10-2.20   sec  0.00 Bytes  0.00 Mbits/sec    2   41.0 KBytes       
[  5]   2.20-2.30   sec  0.00 Bytes  0.00 Mbits/sec    3   33.9 KBytes       
[  5]   2.30-2.40   sec  0.00 Bytes  0.00 Mbits/sec    0   33.9 KBytes       
[  5]   2.40-2.50   sec   128 KBytes  10.5 Mbits/sec    0   35.4 KBytes       
[  5]   2.50-2.60   sec  0.00 Bytes  0.00 Mbits/sec    0   35.4 KBytes       
[  5]   2.60-2.70   sec  0.00 Bytes  0.00 Mbits/sec    0   36.8 KBytes       
[  5]   2.70-2.80   sec  0.00 Bytes  0.00 Mbits/sec    1   31.1 KBytes       
[  5]   2.80-2.90   sec  0.00 Bytes  0.00 Mbits/sec    1   25.5 KBytes       
[  5]   2.90-3.00   sec   128 KBytes  10.5 Mbits/sec    0   25.5 KBytes       
[  5]   3.00-3.10   sec  0.00 Bytes  0.00 Mbits/sec    0   26.9 KBytes       
[  5]   3.10-3.20   sec  0.00 Bytes  0.00 Mbits/sec    0   28.3 KBytes       
[  5]   3.20-3.30   sec  0.00 Bytes  0.00 Mbits/sec    0   28.3 KBytes       
[  5]   3.30-3.40   sec  0.00 Bytes  0.00 Mbits/sec    2   19.8 KBytes       
[  5]   3.40-3.50   sec  0.00 Bytes  0.00 Mbits/sec    0   19.8 KBytes       
[  5]   3.50-3.60   sec  0.00 Bytes  0.00 Mbits/sec    0   19.8 KBytes       
[  5]   3.60-3.70   sec  0.00 Bytes  0.00 Mbits/sec    1   15.6 KBytes       
[  5]   3.70-3.80   sec  0.00 Bytes  0.00 Mbits/sec    0   12.7 KBytes       
[  5]   3.80-3.90   sec   128 KBytes  10.5 Mbits/sec    0   14.1 KBytes       
[  5]   3.90-4.00   sec  0.00 Bytes  0.00 Mbits/sec    0   14.1 KBytes       
[  5]   4.00-4.10   sec  0.00 Bytes  0.00 Mbits/sec    0   15.6 KBytes       
[  5]   4.10-4.20   sec  0.00 Bytes  0.00 Mbits/sec    0   15.6 KBytes       
[  5]   4.20-4.30   sec  0.00 Bytes  0.00 Mbits/sec    0   15.6 KBytes       
[  5]   4.30-4.40   sec  0.00 Bytes  0.00 Mbits/sec    1   11.3 KBytes       
[  5]   4.40-4.50   sec  0.00 Bytes  0.00 Mbits/sec    0   9.90 KBytes       
[  5]   4.50-4.60   sec  0.00 Bytes  0.00 Mbits/sec    0   11.3 KBytes       
[  5]   4.60-4.70   sec  0.00 Bytes  0.00 Mbits/sec    0   12.7 KBytes       
[  5]   4.70-4.80   sec  0.00 Bytes  0.00 Mbits/sec    0   12.7 KBytes       
[  5]   4.80-4.90   sec  0.00 Bytes  0.00 Mbits/sec    1   8.48 KBytes       
[  5]   4.90-5.00   sec  0.00 Bytes  0.00 Mbits/sec    0   8.48 KBytes       
[  5]   5.00-5.10   sec  0.00 Bytes  0.00 Mbits/sec    0   9.90 KBytes       
[  5]   5.10-5.20   sec  0.00 Bytes  0.00 Mbits/sec    0   9.90 KBytes       
[  5]   5.20-5.30   sec  0.00 Bytes  0.00 Mbits/sec    0   9.90 KBytes       
[  5]   5.30-5.40   sec  0.00 Bytes  0.00 Mbits/sec    0   9.90 KBytes       
[  5]   5.40-5.50   sec  0.00 Bytes  0.00 Mbits/sec    0   9.90 KBytes       
[  5]   5.50-5.60   sec   128 KBytes  10.5 Mbits/sec    0   11.3 KBytes       
[  5]   5.60-5.70   sec  0.00 Bytes  0.00 Mbits/sec    0   11.3 KBytes       
[  5]   5.70-5.80   sec  0.00 Bytes  0.00 Mbits/sec    0   11.3 KBytes       
[  5]   5.80-5.90   sec  0.00 Bytes  0.00 Mbits/sec    0   12.7 KBytes       
[  5]   5.90-6.00   sec  0.00 Bytes  0.00 Mbits/sec    0   12.7 KBytes       
[  5]   6.00-6.10   sec  0.00 Bytes  0.00 Mbits/sec    0   12.7 KBytes       
[  5]   6.10-6.20   sec  0.00 Bytes  0.00 Mbits/sec    2   8.48 KBytes       
[  5]   6.20-6.30   sec  0.00 Bytes  0.00 Mbits/sec    0   8.48 KBytes       
[  5]   6.30-6.40   sec  0.00 Bytes  0.00 Mbits/sec    0   8.48 KBytes       
[  5]   6.40-6.50   sec  0.00 Bytes  0.00 Mbits/sec    0   9.90 KBytes       
[  5]   6.50-6.60   sec  0.00 Bytes  0.00 Mbits/sec    0   9.90 KBytes       
[  5]   6.60-6.70   sec  0.00 Bytes  0.00 Mbits/sec    0   11.3 KBytes       
[  5]   6.70-6.80   sec  0.00 Bytes  0.00 Mbits/sec    0   12.7 KBytes       
[  5]   6.80-6.90   sec  0.00 Bytes  0.00 Mbits/sec    0   12.7 KBytes       
[  5]   6.90-7.00   sec  0.00 Bytes  0.00 Mbits/sec    0   12.7 KBytes       
[  5]   7.00-7.10   sec  0.00 Bytes  0.00 Mbits/sec    0   12.7 KBytes       
[  5]   7.10-7.20   sec  0.00 Bytes  0.00 Mbits/sec    0   12.7 KBytes       
[  5]   7.20-7.30   sec  0.00 Bytes  0.00 Mbits/sec    0   12.7 KBytes       
[  5]   7.30-7.40   sec   128 KBytes  10.5 Mbits/sec    0   12.7 KBytes       
[  5]   7.40-7.50   sec  0.00 Bytes  0.00 Mbits/sec    0   12.7 KBytes       
[  5]   7.50-7.60   sec  0.00 Bytes  0.00 Mbits/sec    0   12.7 KBytes       
[  5]   7.60-7.70   sec  0.00 Bytes  0.00 Mbits/sec    0   14.1 KBytes       
[  5]   7.70-7.80   sec  0.00 Bytes  0.00 Mbits/sec    0   14.1 KBytes       
[  5]   7.80-7.90   sec  0.00 Bytes  0.00 Mbits/sec    0   14.1 KBytes       
[  5]   7.90-8.00   sec  0.00 Bytes  0.00 Mbits/sec    0   15.6 KBytes       
[  5]   8.00-8.10   sec  0.00 Bytes  0.00 Mbits/sec    0   15.6 KBytes       
[  5]   8.10-8.20   sec  0.00 Bytes  0.00 Mbits/sec    0   15.6 KBytes       
[  5]   8.20-8.30   sec  0.00 Bytes  0.00 Mbits/sec    0   15.6 KBytes       
[  5]   8.30-8.40   sec  0.00 Bytes  0.00 Mbits/sec    0   17.0 KBytes       
[  5]   8.40-8.50   sec  0.00 Bytes  0.00 Mbits/sec    0   17.0 KBytes       
[  5]   8.50-8.60   sec  0.00 Bytes  0.00 Mbits/sec    0   17.0 KBytes       
[  5]   8.60-8.70   sec  0.00 Bytes  0.00 Mbits/sec    0   18.4 KBytes       
[  5]   8.70-8.80   sec  0.00 Bytes  0.00 Mbits/sec    0   18.4 KBytes       
[  5]   8.80-8.90   sec  0.00 Bytes  0.00 Mbits/sec    2   12.7 KBytes       
[  5]   8.90-9.00   sec   128 KBytes  10.5 Mbits/sec    0   12.7 KBytes       
[  5]   9.00-9.10   sec  0.00 Bytes  0.00 Mbits/sec    0   14.1 KBytes       
[  5]   9.10-9.20   sec  0.00 Bytes  0.00 Mbits/sec    0   14.1 KBytes       
[  5]   9.20-9.30   sec  0.00 Bytes  0.00 Mbits/sec    0   15.6 KBytes       
[  5]   9.30-9.40   sec  0.00 Bytes  0.00 Mbits/sec    0   17.0 KBytes       
[  5]   9.40-9.50   sec  0.00 Bytes  0.00 Mbits/sec    0   17.0 KBytes       
[  5]   9.50-9.60   sec  0.00 Bytes  0.00 Mbits/sec    0   17.0 KBytes       
[  5]   9.60-9.70   sec  0.00 Bytes  0.00 Mbits/sec    0   18.4 KBytes       
[  5]   9.70-9.80   sec  0.00 Bytes  0.00 Mbits/sec    0   18.4 KBytes       
[  5]   9.80-9.90   sec  0.00 Bytes  0.00 Mbits/sec    1   15.6 KBytes       
[  5]   9.90-10.00  sec  0.00 Bytes  0.00 Mbits/sec    1   12.7 KBytes       
[  5]  10.00-10.10  sec  0.00 Bytes  0.00 Mbits/sec    0   12.7 KBytes       
[  5]  10.10-10.20  sec  0.00 Bytes  0.00 Mbits/sec    0   14.1 KBytes       
[  5]  10.20-10.30  sec   128 KBytes  10.5 Mbits/sec    0   15.6 KBytes       
[  5]  10.30-10.40  sec  0.00 Bytes  0.00 Mbits/sec    2   9.90 KBytes       
[  5]  10.40-10.50  sec  0.00 Bytes  0.00 Mbits/sec    0   9.90 KBytes       
[  5]  10.50-10.60  sec  0.00 Bytes  0.00 Mbits/sec    0   9.90 KBytes       
[  5]  10.60-10.70  sec  0.00 Bytes  0.00 Mbits/sec    0   9.90 KBytes       
[  5]  10.70-10.80  sec  0.00 Bytes  0.00 Mbits/sec    0   14.1 KBytes       
[  5]  10.80-10.90  sec  0.00 Bytes  0.00 Mbits/sec    0   14.1 KBytes       
[  5]  10.90-11.00  sec  0.00 Bytes  0.00 Mbits/sec    1   12.7 KBytes       
[  5]  11.00-11.10  sec  0.00 Bytes  0.00 Mbits/sec    1   9.90 KBytes       
[  5]  11.10-11.20  sec  0.00 Bytes  0.00 Mbits/sec    0   9.90 KBytes       
[  5]  11.20-11.30  sec  0.00 Bytes  0.00 Mbits/sec    2   8.48 KBytes       
[  5]  11.30-11.40  sec  0.00 Bytes  0.00 Mbits/sec    0   7.07 KBytes       
[  5]  11.40-11.50  sec  0.00 Bytes  0.00 Mbits/sec    0   5.66 KBytes       
[  5]  11.50-11.60  sec  0.00 Bytes  0.00 Mbits/sec    0   5.66 KBytes       
[  5]  11.60-11.70  sec  0.00 Bytes  0.00 Mbits/sec    0   7.07 KBytes       
[  5]  11.70-11.80  sec  0.00 Bytes  0.00 Mbits/sec    0   7.07 KBytes       
[  5]  11.80-11.90  sec  0.00 Bytes  0.00 Mbits/sec    0   7.07 KBytes       
[  5]  11.90-12.00  sec  0.00 Bytes  0.00 Mbits/sec    0   7.07 KBytes       
[  5]  12.00-12.10  sec  0.00 Bytes  0.00 Mbits/sec    0   7.07 KBytes       
[  5]  12.10-12.20  sec  0.00 Bytes  0.00 Mbits/sec    0   7.07 KBytes       
[  5]  12.20-12.30  sec  0.00 Bytes  0.00 Mbits/sec    1   7.07 KBytes       
[  5]  12.30-12.40  sec  0.00 Bytes  0.00 Mbits/sec    1   5.66 KBytes       
[  5]  12.40-12.50  sec  0.00 Bytes  0.00 Mbits/sec    1   2.83 KBytes       
[  5]  12.50-12.60  sec  0.00 Bytes  0.00 Mbits/sec    1   5.66 KBytes       
[  5]  12.60-12.70  sec  0.00 Bytes  0.00 Mbits/sec    0   5.66 KBytes       
[  5]  12.70-12.80  sec  0.00 Bytes  0.00 Mbits/sec    0   5.66 KBytes       
[  5]  12.80-12.90  sec  0.00 Bytes  0.00 Mbits/sec    0   7.07 KBytes       
[  5]  12.90-13.00  sec   128 KBytes  10.5 Mbits/sec    0   8.48 KBytes       
[  5]  13.00-13.10  sec  0.00 Bytes  0.00 Mbits/sec    0   8.48 KBytes       
[  5]  13.10-13.20  sec  0.00 Bytes  0.00 Mbits/sec    0   8.48 KBytes       
[  5]  13.20-13.30  sec  0.00 Bytes  0.00 Mbits/sec    0   8.48 KBytes       
[  5]  13.30-13.40  sec  0.00 Bytes  0.00 Mbits/sec    1   5.66 KBytes       
[  5]  13.40-13.50  sec  0.00 Bytes  0.00 Mbits/sec    1   5.66 KBytes       
[  5]  13.50-13.60  sec  0.00 Bytes  0.00 Mbits/sec    0   5.66 KBytes       
[  5]  13.60-13.70  sec  0.00 Bytes  0.00 Mbits/sec    0   7.07 KBytes       
[  5]  13.70-13.80  sec  0.00 Bytes  0.00 Mbits/sec    0   7.07 KBytes       
[  5]  13.80-13.90  sec  0.00 Bytes  0.00 Mbits/sec    0   8.48 KBytes       
[  5]  13.90-14.00  sec  0.00 Bytes  0.00 Mbits/sec    0   8.48 KBytes       
[  5]  14.00-14.10  sec  0.00 Bytes  0.00 Mbits/sec    0   8.48 KBytes       
[  5]  14.10-14.20  sec  0.00 Bytes  0.00 Mbits/sec    0   8.48 KBytes       
[  5]  14.20-14.30  sec  0.00 Bytes  0.00 Mbits/sec    0   8.48 KBytes       
[  5]  14.30-14.40  sec  0.00 Bytes  0.00 Mbits/sec    0   8.48 KBytes       
[  5]  14.40-14.50  sec  0.00 Bytes  0.00 Mbits/sec    0   8.48 KBytes       
[  5]  14.50-14.60  sec  0.00 Bytes  0.00 Mbits/sec    2   5.66 KBytes       
[  5]  14.60-14.70  sec  0.00 Bytes  0.00 Mbits/sec    0   5.66 KBytes       
[  5]  14.70-14.80  sec  0.00 Bytes  0.00 Mbits/sec    0   5.66 KBytes       
[  5]  14.80-14.90  sec  0.00 Bytes  0.00 Mbits/sec    0   7.07 KBytes       
[  5]  14.90-15.00  sec  0.00 Bytes  0.00 Mbits/sec    0   7.07 KBytes       
[  5]  15.00-15.10  sec  0.00 Bytes  0.00 Mbits/sec    0   8.48 KBytes       
[  5]  15.10-15.20  sec  0.00 Bytes  0.00 Mbits/sec    0   8.48 KBytes       
[  5]  15.20-15.30  sec  0.00 Bytes  0.00 Mbits/sec    0   8.48 KBytes       
[  5]  15.30-15.40  sec  0.00 Bytes  0.00 Mbits/sec    0   8.48 KBytes       
[  5]  15.40-15.50  sec  0.00 Bytes  0.00 Mbits/sec    0   8.48 KBytes       
[  5]  15.50-15.60  sec  0.00 Bytes  0.00 Mbits/sec    0   8.48 KBytes       
[  5]  15.60-15.70  sec  0.00 Bytes  0.00 Mbits/sec    0   8.48 KBytes       
[  5]  15.70-15.80  sec   128 KBytes  10.5 Mbits/sec    0   9.90 KBytes       
[  5]  15.80-15.90  sec  0.00 Bytes  0.00 Mbits/sec    0   9.90 KBytes       
[  5]  15.90-16.00  sec  0.00 Bytes  0.00 Mbits/sec    2   5.66 KBytes       
[  5]  16.00-16.10  sec  0.00 Bytes  0.00 Mbits/sec    0   5.66 KBytes       
[  5]  16.10-16.20  sec  0.00 Bytes  0.00 Mbits/sec    0   5.66 KBytes       
[  5]  16.20-16.30  sec  0.00 Bytes  0.00 Mbits/sec    0   9.90 KBytes       
[  5]  16.30-16.40  sec  0.00 Bytes  0.00 Mbits/sec    0   9.90 KBytes       
[  5]  16.40-16.50  sec  0.00 Bytes  0.00 Mbits/sec    0   9.90 KBytes       
[  5]  16.50-16.60  sec  0.00 Bytes  0.00 Mbits/sec    0   9.90 KBytes       
[  5]  16.60-16.70  sec  0.00 Bytes  0.00 Mbits/sec    0   9.90 KBytes       
[  5]  16.70-16.80  sec  0.00 Bytes  0.00 Mbits/sec    0   9.90 KBytes       
[  5]  16.80-16.90  sec  0.00 Bytes  0.00 Mbits/sec    0   9.90 KBytes       
[  5]  16.90-17.00  sec  0.00 Bytes  0.00 Mbits/sec    0   9.90 KBytes       
[  5]  17.00-17.10  sec  0.00 Bytes  0.00 Mbits/sec    0   9.90 KBytes       
[  5]  17.10-17.20  sec  0.00 Bytes  0.00 Mbits/sec    2   5.66 KBytes       
[  5]  17.20-17.30  sec  0.00 Bytes  0.00 Mbits/sec    0   5.66 KBytes       
[  5]  17.30-17.40  sec  0.00 Bytes  0.00 Mbits/sec    1   4.24 KBytes       
[  5]  17.40-17.50  sec  0.00 Bytes  0.00 Mbits/sec    0   5.66 KBytes       
[  5]  17.50-17.60  sec  0.00 Bytes  0.00 Mbits/sec    0   5.66 KBytes       
[  5]  17.60-17.70  sec  0.00 Bytes  0.00 Mbits/sec    0   8.48 KBytes       
[  5]  17.70-17.80  sec  0.00 Bytes  0.00 Mbits/sec    0   8.48 KBytes       
[  5]  17.80-17.90  sec  0.00 Bytes  0.00 Mbits/sec    0   8.48 KBytes       
[  5]  17.90-18.00  sec  0.00 Bytes  0.00 Mbits/sec    0   9.90 KBytes       
[  5]  18.00-18.10  sec  0.00 Bytes  0.00 Mbits/sec    0   9.90 KBytes       
[  5]  18.10-18.20  sec  0.00 Bytes  0.00 Mbits/sec    0   9.90 KBytes       
[  5]  18.20-18.30  sec  0.00 Bytes  0.00 Mbits/sec    0   9.90 KBytes       
[  5]  18.30-18.40  sec  0.00 Bytes  0.00 Mbits/sec    0   9.90 KBytes       
[  5]  18.40-18.50  sec  0.00 Bytes  0.00 Mbits/sec    0   9.90 KBytes       
[  5]  18.50-18.60  sec   128 KBytes  10.5 Mbits/sec    0   9.90 KBytes       
[  5]  18.60-18.70  sec  0.00 Bytes  0.00 Mbits/sec    0   9.90 KBytes       
[  5]  18.70-18.80  sec  0.00 Bytes  0.00 Mbits/sec    0   9.90 KBytes       
[  5]  18.80-18.90  sec  0.00 Bytes  0.00 Mbits/sec    0   11.3 KBytes       
[  5]  18.90-19.00  sec  0.00 Bytes  0.00 Mbits/sec    0   11.3 KBytes       
[  5]  19.00-19.10  sec  0.00 Bytes  0.00 Mbits/sec    0   11.3 KBytes       
[  5]  19.10-19.20  sec  0.00 Bytes  0.00 Mbits/sec    0   12.7 KBytes       
[  5]  19.20-19.30  sec  0.00 Bytes  0.00 Mbits/sec    0   12.7 KBytes       
[  5]  19.30-19.40  sec  0.00 Bytes  0.00 Mbits/sec    0   14.1 KBytes       
[  5]  19.40-19.50  sec  0.00 Bytes  0.00 Mbits/sec    0   14.1 KBytes       
[  5]  19.50-19.60  sec  0.00 Bytes  0.00 Mbits/sec    0   14.1 KBytes       
[  5]  19.60-19.70  sec  0.00 Bytes  0.00 Mbits/sec    0   14.1 KBytes       
[  5]  19.70-19.80  sec  0.00 Bytes  0.00 Mbits/sec    2   9.90 KBytes       
[  5]  19.80-19.90  sec  0.00 Bytes  0.00 Mbits/sec    0   9.90 KBytes       
[  5]  19.90-20.00  sec  0.00 Bytes  0.00 Mbits/sec    0   9.90 KBytes       
[  5]  20.00-20.10  sec  0.00 Bytes  0.00 Mbits/sec    0   11.3 KBytes       
[  5]  20.10-20.20  sec  0.00 Bytes  0.00 Mbits/sec    0   11.3 KBytes       
[  5]  20.20-20.30  sec  0.00 Bytes  0.00 Mbits/sec    0   12.7 KBytes       
[  5]  20.30-20.40  sec   128 KBytes  10.5 Mbits/sec    0   14.1 KBytes       
[  5]  20.40-20.50  sec  0.00 Bytes  0.00 Mbits/sec    0   14.1 KBytes       
[  5]  20.50-20.60  sec  0.00 Bytes  0.00 Mbits/sec    0   14.1 KBytes       
[  5]  20.60-20.70  sec  0.00 Bytes  0.00 Mbits/sec    0   14.1 KBytes       
[  5]  20.70-20.80  sec  0.00 Bytes  0.00 Mbits/sec    0   14.1 KBytes       
[  5]  20.80-20.90  sec  0.00 Bytes  0.00 Mbits/sec    0   14.1 KBytes       
[  5]  20.90-21.00  sec  0.00 Bytes  0.00 Mbits/sec    2   9.90 KBytes       
[  5]  21.00-21.10  sec  0.00 Bytes  0.00 Mbits/sec    0   9.90 KBytes       
[  5]  21.10-21.20  sec  0.00 Bytes  0.00 Mbits/sec    0   9.90 KBytes       
[  5]  21.20-21.30  sec  0.00 Bytes  0.00 Mbits/sec    2   4.24 KBytes       
[  5]  21.30-21.40  sec  0.00 Bytes  0.00 Mbits/sec    1   4.24 KBytes       
[  5]  21.40-21.50  sec  0.00 Bytes  0.00 Mbits/sec    0   5.66 KBytes       
[  5]  21.50-21.60  sec  0.00 Bytes  0.00 Mbits/sec    0   5.66 KBytes       
[  5]  21.60-21.70  sec  0.00 Bytes  0.00 Mbits/sec    0   5.66 KBytes       
[  5]  21.70-21.80  sec  0.00 Bytes  0.00 Mbits/sec    0   7.07 KBytes       
[  5]  21.80-21.90  sec  0.00 Bytes  0.00 Mbits/sec    0   7.07 KBytes       
[  5]  21.90-22.00  sec  0.00 Bytes  0.00 Mbits/sec    0   7.07 KBytes       
[  5]  22.00-22.10  sec  0.00 Bytes  0.00 Mbits/sec    0   7.07 KBytes       
[  5]  22.10-22.20  sec  0.00 Bytes  0.00 Mbits/sec    0   9.90 KBytes       
[  5]  22.20-22.30  sec  0.00 Bytes  0.00 Mbits/sec    0   9.90 KBytes       
[  5]  22.30-22.40  sec  0.00 Bytes  0.00 Mbits/sec    0   9.90 KBytes       
[  5]  22.40-22.50  sec  0.00 Bytes  0.00 Mbits/sec    0   9.90 KBytes       
[  5]  22.50-22.60  sec   128 KBytes  10.5 Mbits/sec    0   9.90 KBytes       
[  5]  22.60-22.70  sec  0.00 Bytes  0.00 Mbits/sec    0   9.90 KBytes       
[  5]  22.70-22.80  sec  0.00 Bytes  0.00 Mbits/sec    0   9.90 KBytes       
[  5]  22.80-22.90  sec  0.00 Bytes  0.00 Mbits/sec    0   9.90 KBytes       
[  5]  22.90-23.00  sec  0.00 Bytes  0.00 Mbits/sec    0   11.3 KBytes       
[  5]  23.00-23.10  sec  0.00 Bytes  0.00 Mbits/sec    0   11.3 KBytes       
[  5]  23.10-23.20  sec  0.00 Bytes  0.00 Mbits/sec    0   11.3 KBytes       
[  5]  23.20-23.30  sec  0.00 Bytes  0.00 Mbits/sec    0   12.7 KBytes       
[  5]  23.30-23.40  sec  0.00 Bytes  0.00 Mbits/sec    0   12.7 KBytes       
[  5]  23.40-23.50  sec  0.00 Bytes  0.00 Mbits/sec    0   14.1 KBytes       
[  5]  23.50-23.60  sec  0.00 Bytes  0.00 Mbits/sec    0   14.1 KBytes       
[  5]  23.60-23.70  sec  0.00 Bytes  0.00 Mbits/sec    0   14.1 KBytes       
[  5]  23.70-23.80  sec  0.00 Bytes  0.00 Mbits/sec    2   9.90 KBytes       
[  5]  23.80-23.90  sec  0.00 Bytes  0.00 Mbits/sec    0   9.90 KBytes       
[  5]  23.90-24.00  sec  0.00 Bytes  0.00 Mbits/sec    0   9.90 KBytes       
[  5]  24.00-24.10  sec  0.00 Bytes  0.00 Mbits/sec    0   12.7 KBytes       
[  5]  24.10-24.20  sec  0.00 Bytes  0.00 Mbits/sec    0   12.7 KBytes       
[  5]  24.20-24.30  sec  0.00 Bytes  0.00 Mbits/sec    0   12.7 KBytes       
[  5]  24.30-24.40  sec   128 KBytes  10.5 Mbits/sec    0   14.1 KBytes       
[  5]  24.40-24.50  sec  0.00 Bytes  0.00 Mbits/sec    0   14.1 KBytes       
[  5]  24.50-24.60  sec  0.00 Bytes  0.00 Mbits/sec    0   14.1 KBytes       
[  5]  24.60-24.70  sec  0.00 Bytes  0.00 Mbits/sec    0   14.1 KBytes       
[  5]  24.70-24.80  sec  0.00 Bytes  0.00 Mbits/sec    0   14.1 KBytes       
[  5]  24.80-24.90  sec  0.00 Bytes  0.00 Mbits/sec    1   9.90 KBytes       
[  5]  24.90-25.00  sec  0.00 Bytes  0.00 Mbits/sec    1   9.90 KBytes       
[  5]  25.00-25.10  sec  0.00 Bytes  0.00 Mbits/sec    0   9.90 KBytes       
[  5]  25.10-25.20  sec  0.00 Bytes  0.00 Mbits/sec    0   9.90 KBytes       
[  5]  25.20-25.30  sec  0.00 Bytes  0.00 Mbits/sec    0   11.3 KBytes       
[  5]  25.30-25.40  sec  0.00 Bytes  0.00 Mbits/sec    0   12.7 KBytes       
[  5]  25.40-25.50  sec  0.00 Bytes  0.00 Mbits/sec    0   12.7 KBytes       
[  5]  25.50-25.60  sec  0.00 Bytes  0.00 Mbits/sec    0   14.1 KBytes       
[  5]  25.60-25.70  sec  0.00 Bytes  0.00 Mbits/sec    0   14.1 KBytes       
[  5]  25.70-25.80  sec  0.00 Bytes  0.00 Mbits/sec    0   14.1 KBytes       
[  5]  25.80-25.90  sec  0.00 Bytes  0.00 Mbits/sec    2   9.90 KBytes       
[  5]  25.90-26.00  sec  0.00 Bytes  0.00 Mbits/sec    0   9.90 KBytes       
[  5]  26.00-26.10  sec  0.00 Bytes  0.00 Mbits/sec    0   9.90 KBytes       
[  5]  26.10-26.20  sec   128 KBytes  10.5 Mbits/sec    0   11.3 KBytes       
[  5]  26.20-26.30  sec  0.00 Bytes  0.00 Mbits/sec    0   12.7 KBytes       
[  5]  26.30-26.40  sec  0.00 Bytes  0.00 Mbits/sec    0   12.7 KBytes       
[  5]  26.40-26.50  sec  0.00 Bytes  0.00 Mbits/sec    0   14.1 KBytes       
[  5]  26.50-26.60  sec  0.00 Bytes  0.00 Mbits/sec    0   14.1 KBytes       
[  5]  26.60-26.70  sec  0.00 Bytes  0.00 Mbits/sec    0   14.1 KBytes       
[  5]  26.70-26.80  sec  0.00 Bytes  0.00 Mbits/sec    0   14.1 KBytes       
[  5]  26.80-26.90  sec  0.00 Bytes  0.00 Mbits/sec    0   14.1 KBytes       
[  5]  26.90-27.00  sec  0.00 Bytes  0.00 Mbits/sec    0   14.1 KBytes       
[  5]  27.00-27.10  sec  0.00 Bytes  0.00 Mbits/sec    0   14.1 KBytes       
[  5]  27.10-27.20  sec  0.00 Bytes  0.00 Mbits/sec    0   14.1 KBytes       
[  5]  27.20-27.30  sec  0.00 Bytes  0.00 Mbits/sec    0   15.6 KBytes       
[  5]  27.30-27.40  sec  0.00 Bytes  0.00 Mbits/sec    0   15.6 KBytes       
[  5]  27.40-27.50  sec  0.00 Bytes  0.00 Mbits/sec    0   15.6 KBytes       
[  5]  27.50-27.60  sec   128 KBytes  10.5 Mbits/sec    0   17.0 KBytes       
[  5]  27.60-27.70  sec  0.00 Bytes  0.00 Mbits/sec    0   17.0 KBytes       
[  5]  27.70-27.80  sec  0.00 Bytes  0.00 Mbits/sec    0   17.0 KBytes       
[  5]  27.80-27.90  sec  0.00 Bytes  0.00 Mbits/sec    0   18.4 KBytes       
[  5]  27.90-28.00  sec  0.00 Bytes  0.00 Mbits/sec    0   18.4 KBytes       
[  5]  28.00-28.10  sec  0.00 Bytes  0.00 Mbits/sec    0   18.4 KBytes       
[  5]  28.10-28.20  sec  0.00 Bytes  0.00 Mbits/sec    0   19.8 KBytes       
[  5]  28.20-28.30  sec  0.00 Bytes  0.00 Mbits/sec    0   19.8 KBytes       
[  5]  28.30-28.40  sec  0.00 Bytes  0.00 Mbits/sec    0   19.8 KBytes       
[  5]  28.40-28.50  sec  0.00 Bytes  0.00 Mbits/sec    0   21.2 KBytes       
[  5]  28.50-28.60  sec  0.00 Bytes  0.00 Mbits/sec    0   21.2 KBytes       
[  5]  28.60-28.70  sec  0.00 Bytes  0.00 Mbits/sec    0   21.2 KBytes       
[  5]  28.70-28.80  sec   128 KBytes  10.5 Mbits/sec    0   22.6 KBytes       
[  5]  28.80-28.90  sec  0.00 Bytes  0.00 Mbits/sec    0   22.6 KBytes       
[  5]  28.90-29.00  sec  0.00 Bytes  0.00 Mbits/sec    0   22.6 KBytes       
[  5]  29.00-29.10  sec  0.00 Bytes  0.00 Mbits/sec    0   24.0 KBytes       
[  5]  29.10-29.20  sec  0.00 Bytes  0.00 Mbits/sec    0   24.0 KBytes       
[  5]  29.20-29.30  sec  0.00 Bytes  0.00 Mbits/sec    0   24.0 KBytes       
[  5]  29.30-29.40  sec  0.00 Bytes  0.00 Mbits/sec    0   25.5 KBytes       
[  5]  29.40-29.50  sec  0.00 Bytes  0.00 Mbits/sec    0   25.5 KBytes       
[  5]  29.50-29.60  sec   128 KBytes  10.5 Mbits/sec    0   25.5 KBytes       
[  5]  29.60-29.70  sec  0.00 Bytes  0.00 Mbits/sec    0   26.9 KBytes       
[  5]  29.70-29.80  sec  0.00 Bytes  0.00 Mbits/sec    0   26.9 KBytes       
[  5]  29.80-29.90  sec  0.00 Bytes  0.00 Mbits/sec    2   18.4 KBytes       
[  5]  29.90-30.00  sec  0.00 Bytes  0.00 Mbits/sec    0   18.4 KBytes       
[  5]  30.00-30.10  sec  0.00 Bytes  0.00 Mbits/sec    0   19.8 KBytes       
[  5]  30.10-30.20  sec  0.00 Bytes  0.00 Mbits/sec    0   19.8 KBytes       
[  5]  30.20-30.30  sec  0.00 Bytes  0.00 Mbits/sec    0   21.2 KBytes       
[  5]  30.30-30.40  sec  0.00 Bytes  0.00 Mbits/sec    0   22.6 KBytes       
[  5]  30.40-30.50  sec  0.00 Bytes  0.00 Mbits/sec    0   22.6 KBytes       
[  5]  30.50-30.60  sec   128 KBytes  10.5 Mbits/sec    0   24.0 KBytes       
[  5]  30.60-30.70  sec  0.00 Bytes  0.00 Mbits/sec    0   25.5 KBytes       
[  5]  30.70-30.80  sec  0.00 Bytes  0.00 Mbits/sec    0   25.5 KBytes       
[  5]  30.80-30.90  sec  0.00 Bytes  0.00 Mbits/sec    2   17.0 KBytes       
[  5]  30.90-31.00  sec  0.00 Bytes  0.00 Mbits/sec    0   17.0 KBytes       
[  5]  31.00-31.10  sec  0.00 Bytes  0.00 Mbits/sec    0   17.0 KBytes       
[  5]  31.10-31.20  sec  0.00 Bytes  0.00 Mbits/sec    0   18.4 KBytes       
[  5]  31.20-31.30  sec  0.00 Bytes  0.00 Mbits/sec    0   19.8 KBytes       
[  5]  31.30-31.40  sec  0.00 Bytes  0.00 Mbits/sec    0   19.8 KBytes       
[  5]  31.40-31.50  sec  0.00 Bytes  0.00 Mbits/sec    0   21.2 KBytes       
[  5]  31.50-31.60  sec   128 KBytes  10.5 Mbits/sec    0   21.2 KBytes       
[  5]  31.60-31.70  sec  0.00 Bytes  0.00 Mbits/sec    0   21.2 KBytes       
[  5]  31.70-31.80  sec  0.00 Bytes  0.00 Mbits/sec    2   14.1 KBytes       
[  5]  31.80-31.90  sec  0.00 Bytes  0.00 Mbits/sec    1   12.7 KBytes       
[  5]  31.90-32.00  sec  0.00 Bytes  0.00 Mbits/sec    0   12.7 KBytes       
[  5]  32.00-32.10  sec  0.00 Bytes  0.00 Mbits/sec    0   15.6 KBytes       
[  5]  32.10-32.20  sec  0.00 Bytes  0.00 Mbits/sec    0   15.6 KBytes       
[  5]  32.20-32.30  sec  0.00 Bytes  0.00 Mbits/sec    0   17.0 KBytes       
[  5]  32.30-32.40  sec  0.00 Bytes  0.00 Mbits/sec    0   17.0 KBytes       
[  5]  32.40-32.50  sec  0.00 Bytes  0.00 Mbits/sec    0   18.4 KBytes       
[  5]  32.50-32.60  sec  0.00 Bytes  0.00 Mbits/sec    0   19.8 KBytes       
[  5]  32.60-32.70  sec  0.00 Bytes  0.00 Mbits/sec    0   19.8 KBytes       
[  5]  32.70-32.80  sec   128 KBytes  10.5 Mbits/sec    0   19.8 KBytes       
[  5]  32.80-32.90  sec  0.00 Bytes  0.00 Mbits/sec    0   21.2 KBytes       
[  5]  32.90-33.00  sec  0.00 Bytes  0.00 Mbits/sec    0   21.2 KBytes       
[  5]  33.00-33.10  sec  0.00 Bytes  0.00 Mbits/sec    0   21.2 KBytes       
[  5]  33.10-33.20  sec  0.00 Bytes  0.00 Mbits/sec    0   21.2 KBytes       
[  5]  33.20-33.30  sec  0.00 Bytes  0.00 Mbits/sec    2   14.1 KBytes       
[  5]  33.30-33.40  sec  0.00 Bytes  0.00 Mbits/sec    0   14.1 KBytes       
[  5]  33.40-33.50  sec  0.00 Bytes  0.00 Mbits/sec    0   15.6 KBytes       
[  5]  33.50-33.60  sec  0.00 Bytes  0.00 Mbits/sec    0   15.6 KBytes       
[  5]  33.60-33.70  sec  0.00 Bytes  0.00 Mbits/sec    0   17.0 KBytes       
[  5]  33.70-33.80  sec  0.00 Bytes  0.00 Mbits/sec    0   17.0 KBytes       
[  5]  33.80-33.90  sec  0.00 Bytes  0.00 Mbits/sec    0   18.4 KBytes       
[  5]  33.90-34.00  sec   128 KBytes  10.5 Mbits/sec    0   19.8 KBytes       
[  5]  34.00-34.10  sec  0.00 Bytes  0.00 Mbits/sec    0   19.8 KBytes       
[  5]  34.10-34.20  sec  0.00 Bytes  0.00 Mbits/sec    0   19.8 KBytes       
[  5]  34.20-34.30  sec  0.00 Bytes  0.00 Mbits/sec    0   21.2 KBytes       
[  5]  34.30-34.40  sec  0.00 Bytes  0.00 Mbits/sec    0   21.2 KBytes       
[  5]  34.40-34.50  sec  0.00 Bytes  0.00 Mbits/sec    0   21.2 KBytes       
[  5]  34.50-34.60  sec  0.00 Bytes  0.00 Mbits/sec    0   21.2 KBytes       
[  5]  34.60-34.70  sec  0.00 Bytes  0.00 Mbits/sec    0   21.2 KBytes       
[  5]  34.70-34.80  sec  0.00 Bytes  0.00 Mbits/sec    0   21.2 KBytes       
[  5]  34.80-34.90  sec  0.00 Bytes  0.00 Mbits/sec    0   21.2 KBytes       
[  5]  34.90-35.00  sec   128 KBytes  10.5 Mbits/sec    0   21.2 KBytes       
[  5]  35.00-35.10  sec  0.00 Bytes  0.00 Mbits/sec    0   21.2 KBytes       
[  5]  35.10-35.20  sec  0.00 Bytes  0.00 Mbits/sec    0   21.2 KBytes       
[  5]  35.20-35.30  sec  0.00 Bytes  0.00 Mbits/sec    0   22.6 KBytes       
[  5]  35.30-35.40  sec  0.00 Bytes  0.00 Mbits/sec    0   22.6 KBytes       
[  5]  35.40-35.50  sec  0.00 Bytes  0.00 Mbits/sec    0   22.6 KBytes       
[  5]  35.50-35.60  sec  0.00 Bytes  0.00 Mbits/sec    0   22.6 KBytes       
[  5]  35.60-35.70  sec  0.00 Bytes  0.00 Mbits/sec    0   24.0 KBytes       
[  5]  35.70-35.80  sec  0.00 Bytes  0.00 Mbits/sec    0   24.0 KBytes       
[  5]  35.80-35.90  sec   128 KBytes  10.5 Mbits/sec    0   25.5 KBytes       
[  5]  35.90-36.00  sec  0.00 Bytes  0.00 Mbits/sec    0   25.5 KBytes       
[  5]  36.00-36.10  sec  0.00 Bytes  0.00 Mbits/sec    0   25.5 KBytes       
[  5]  36.10-36.20  sec  0.00 Bytes  0.00 Mbits/sec    0   26.9 KBytes       
[  5]  36.20-36.30  sec  0.00 Bytes  0.00 Mbits/sec    0   26.9 KBytes       
[  5]  36.30-36.40  sec  0.00 Bytes  0.00 Mbits/sec    2   18.4 KBytes       
[  5]  36.40-36.50  sec  0.00 Bytes  0.00 Mbits/sec    0   18.4 KBytes       
[  5]  36.50-36.60  sec  0.00 Bytes  0.00 Mbits/sec    0   19.8 KBytes       
[  5]  36.60-36.70  sec  0.00 Bytes  0.00 Mbits/sec    0   21.2 KBytes       
[  5]  36.70-36.80  sec   128 KBytes  10.5 Mbits/sec    0   21.2 KBytes       
[  5]  36.80-36.90  sec  0.00 Bytes  0.00 Mbits/sec    0   22.6 KBytes       
[  5]  36.90-37.00  sec  0.00 Bytes  0.00 Mbits/sec    0   22.6 KBytes       
[  5]  37.00-37.10  sec  0.00 Bytes  0.00 Mbits/sec    0   24.0 KBytes       
[  5]  37.10-37.20  sec  0.00 Bytes  0.00 Mbits/sec    0   25.5 KBytes       
[  5]  37.20-37.30  sec  0.00 Bytes  0.00 Mbits/sec    0   25.5 KBytes       
[  5]  37.30-37.40  sec  0.00 Bytes  0.00 Mbits/sec    0   25.5 KBytes       
[  5]  37.40-37.50  sec  0.00 Bytes  0.00 Mbits/sec    0   26.9 KBytes       
[  5]  37.50-37.60  sec  0.00 Bytes  0.00 Mbits/sec    0   26.9 KBytes       
[  5]  37.60-37.70  sec   128 KBytes  10.5 Mbits/sec    0   26.9 KBytes       
[  5]  37.70-37.80  sec  0.00 Bytes  0.00 Mbits/sec    0   26.9 KBytes       
[  5]  37.80-37.90  sec  0.00 Bytes  0.00 Mbits/sec    0   26.9 KBytes       
[  5]  37.90-38.00  sec  0.00 Bytes  0.00 Mbits/sec    0   26.9 KBytes       
[  5]  38.00-38.10  sec  0.00 Bytes  0.00 Mbits/sec    0   26.9 KBytes       
[  5]  38.10-38.20  sec  0.00 Bytes  0.00 Mbits/sec    0   26.9 KBytes       
[  5]  38.20-38.30  sec  0.00 Bytes  0.00 Mbits/sec    0   26.9 KBytes       
[  5]  38.30-38.40  sec   128 KBytes  10.5 Mbits/sec    0   26.9 KBytes       
[  5]  38.40-38.50  sec  0.00 Bytes  0.00 Mbits/sec    0   26.9 KBytes       
[  5]  38.50-38.60  sec  0.00 Bytes  0.00 Mbits/sec    0   28.3 KBytes       
[  5]  38.60-38.70  sec  0.00 Bytes  0.00 Mbits/sec    2   19.8 KBytes       
[  5]  38.70-38.80  sec  0.00 Bytes  0.00 Mbits/sec    0   19.8 KBytes       
[  5]  38.80-38.90  sec  0.00 Bytes  0.00 Mbits/sec    0   21.2 KBytes       
[  5]  38.90-39.00  sec  0.00 Bytes  0.00 Mbits/sec    0   22.6 KBytes       
[  5]  39.00-39.10  sec  0.00 Bytes  0.00 Mbits/sec    0   22.6 KBytes       
[  5]  39.10-39.20  sec  0.00 Bytes  0.00 Mbits/sec    2   15.6 KBytes       
[  5]  39.20-39.30  sec   128 KBytes  10.5 Mbits/sec    0   15.6 KBytes       
[  5]  39.30-39.40  sec  0.00 Bytes  0.00 Mbits/sec    0   15.6 KBytes       
[  5]  39.40-39.50  sec  0.00 Bytes  0.00 Mbits/sec    0   17.0 KBytes       
[  5]  39.50-39.60  sec  0.00 Bytes  0.00 Mbits/sec    0   18.4 KBytes       
[  5]  39.60-39.70  sec  0.00 Bytes  0.00 Mbits/sec    0   18.4 KBytes       
[  5]  39.70-39.80  sec  0.00 Bytes  0.00 Mbits/sec    0   18.4 KBytes       
[  5]  39.80-39.90  sec  0.00 Bytes  0.00 Mbits/sec    0   18.4 KBytes       
[  5]  39.90-40.00  sec  0.00 Bytes  0.00 Mbits/sec    0   18.4 KBytes       
[  5]  40.00-40.10  sec  0.00 Bytes  0.00 Mbits/sec    0   18.4 KBytes       
[  5]  40.10-40.20  sec  0.00 Bytes  0.00 Mbits/sec    0   18.4 KBytes       
[  5]  40.20-40.30  sec  0.00 Bytes  0.00 Mbits/sec    0   19.8 KBytes       
[  5]  40.30-40.40  sec   128 KBytes  10.5 Mbits/sec    0   19.8 KBytes       
[  5]  40.40-40.50  sec  0.00 Bytes  0.00 Mbits/sec    0   19.8 KBytes       
[  5]  40.50-40.60  sec  0.00 Bytes  0.00 Mbits/sec    0   21.2 KBytes       
[  5]  40.60-40.70  sec  0.00 Bytes  0.00 Mbits/sec    2   14.1 KBytes       
[  5]  40.70-40.80  sec  0.00 Bytes  0.00 Mbits/sec    0   14.1 KBytes       
[  5]  40.80-40.90  sec  0.00 Bytes  0.00 Mbits/sec    0   15.6 KBytes       
[  5]  40.90-41.00  sec  0.00 Bytes  0.00 Mbits/sec    0   15.6 KBytes       
[  5]  41.00-41.10  sec  0.00 Bytes  0.00 Mbits/sec    0   17.0 KBytes       
[  5]  41.10-41.20  sec  0.00 Bytes  0.00 Mbits/sec    0   18.4 KBytes       
[  5]  41.20-41.30  sec  0.00 Bytes  0.00 Mbits/sec    0   18.4 KBytes       
[  5]  41.30-41.40  sec  0.00 Bytes  0.00 Mbits/sec    0   19.8 KBytes       
[  5]  41.40-41.50  sec  0.00 Bytes  0.00 Mbits/sec    0   19.8 KBytes       
[  5]  41.50-41.60  sec   128 KBytes  10.5 Mbits/sec    0   19.8 KBytes       
[  5]  41.60-41.70  sec  0.00 Bytes  0.00 Mbits/sec    0   21.2 KBytes       
[  5]  41.70-41.80  sec  0.00 Bytes  0.00 Mbits/sec    0   21.2 KBytes       
[  5]  41.80-41.90  sec  0.00 Bytes  0.00 Mbits/sec    0   21.2 KBytes       
[  5]  41.90-42.00  sec  0.00 Bytes  0.00 Mbits/sec    0   21.2 KBytes       
[  5]  42.00-42.10  sec  0.00 Bytes  0.00 Mbits/sec    0   21.2 KBytes       
[  5]  42.10-42.20  sec  0.00 Bytes  0.00 Mbits/sec    0   21.2 KBytes       
[  5]  42.20-42.30  sec  0.00 Bytes  0.00 Mbits/sec    0   21.2 KBytes       
[  5]  42.30-42.40  sec  0.00 Bytes  0.00 Mbits/sec    0   21.2 KBytes       
[  5]  42.40-42.50  sec   128 KBytes  10.5 Mbits/sec    0   21.2 KBytes       
[  5]  42.50-42.60  sec  0.00 Bytes  0.00 Mbits/sec    0   21.2 KBytes       
[  5]  42.60-42.70  sec  0.00 Bytes  0.00 Mbits/sec    0   22.6 KBytes       
[  5]  42.70-42.80  sec  0.00 Bytes  0.00 Mbits/sec    0   22.6 KBytes       
[  5]  42.80-42.90  sec  0.00 Bytes  0.00 Mbits/sec    0   22.6 KBytes       
[  5]  42.90-43.00  sec  0.00 Bytes  0.00 Mbits/sec    0   24.0 KBytes       
[  5]  43.00-43.10  sec  0.00 Bytes  0.00 Mbits/sec    0   24.0 KBytes       
[  5]  43.10-43.20  sec  0.00 Bytes  0.00 Mbits/sec    0   24.0 KBytes       
[  5]  43.20-43.30  sec  0.00 Bytes  0.00 Mbits/sec    1   19.8 KBytes       
[  5]  43.30-43.40  sec  0.00 Bytes  0.00 Mbits/sec    0   15.6 KBytes       
[  5]  43.40-43.50  sec   128 KBytes  10.5 Mbits/sec    0   17.0 KBytes       
[  5]  43.50-43.60  sec  0.00 Bytes  0.00 Mbits/sec    0   18.4 KBytes       
[  5]  43.60-43.70  sec  0.00 Bytes  0.00 Mbits/sec    0   18.4 KBytes       
[  5]  43.70-43.80  sec  0.00 Bytes  0.00 Mbits/sec    0   19.8 KBytes       
[  5]  43.80-43.90  sec  0.00 Bytes  0.00 Mbits/sec    0   21.2 KBytes       
[  5]  43.90-44.00  sec  0.00 Bytes  0.00 Mbits/sec    0   21.2 KBytes       
[  5]  44.00-44.10  sec  0.00 Bytes  0.00 Mbits/sec    0   22.6 KBytes       
[  5]  44.10-44.20  sec  0.00 Bytes  0.00 Mbits/sec    0   22.6 KBytes       
[  5]  44.20-44.30  sec  0.00 Bytes  0.00 Mbits/sec    0   22.6 KBytes       
[  5]  44.30-44.40  sec  0.00 Bytes  0.00 Mbits/sec    0   24.0 KBytes       
[  5]  44.40-44.50  sec   128 KBytes  10.5 Mbits/sec    0   24.0 KBytes       
[  5]  44.50-44.60  sec  0.00 Bytes  0.00 Mbits/sec    0   24.0 KBytes       
[  5]  44.60-44.70  sec  0.00 Bytes  0.00 Mbits/sec    0   24.0 KBytes       
[  5]  44.70-44.80  sec  0.00 Bytes  0.00 Mbits/sec    0   24.0 KBytes       
[  5]  44.80-44.90  sec  0.00 Bytes  0.00 Mbits/sec    0   24.0 KBytes       
[  5]  44.90-45.00  sec  0.00 Bytes  0.00 Mbits/sec    0   24.0 KBytes       
[  5]  45.00-45.10  sec  0.00 Bytes  0.00 Mbits/sec    2   15.6 KBytes       
[  5]  45.10-45.20  sec  0.00 Bytes  0.00 Mbits/sec    0   15.6 KBytes       
[  5]  45.20-45.30  sec  0.00 Bytes  0.00 Mbits/sec    0   17.0 KBytes       
[  5]  45.30-45.40  sec  0.00 Bytes  0.00 Mbits/sec    0   17.0 KBytes       
[  5]  45.40-45.50  sec   128 KBytes  10.5 Mbits/sec    0   18.4 KBytes       
[  5]  45.50-45.60  sec  0.00 Bytes  0.00 Mbits/sec    0   19.8 KBytes       
[  5]  45.60-45.70  sec  0.00 Bytes  0.00 Mbits/sec    0   19.8 KBytes       
[  5]  45.70-45.80  sec  0.00 Bytes  0.00 Mbits/sec    0   21.2 KBytes       
[  5]  45.80-45.90  sec  0.00 Bytes  0.00 Mbits/sec    0   22.6 KBytes       
[  5]  45.90-46.00  sec  0.00 Bytes  0.00 Mbits/sec    0   22.6 KBytes       
[  5]  46.00-46.10  sec  0.00 Bytes  0.00 Mbits/sec    0   22.6 KBytes       
[  5]  46.10-46.20  sec  0.00 Bytes  0.00 Mbits/sec    0   24.0 KBytes       
[  5]  46.20-46.30  sec  0.00 Bytes  0.00 Mbits/sec    0   24.0 KBytes       
[  5]  46.30-46.40  sec   128 KBytes  10.5 Mbits/sec    0   24.0 KBytes       
[  5]  46.40-46.50  sec  0.00 Bytes  0.00 Mbits/sec    0   24.0 KBytes       
[  5]  46.50-46.60  sec  0.00 Bytes  0.00 Mbits/sec    0   24.0 KBytes       
[  5]  46.60-46.70  sec  0.00 Bytes  0.00 Mbits/sec    0   24.0 KBytes       
[  5]  46.70-46.80  sec  0.00 Bytes  0.00 Mbits/sec    0   24.0 KBytes       
[  5]  46.80-46.90  sec  0.00 Bytes  0.00 Mbits/sec    0   24.0 KBytes       
[  5]  46.90-47.00  sec  0.00 Bytes  0.00 Mbits/sec    0   24.0 KBytes       
[  5]  47.00-47.10  sec  0.00 Bytes  0.00 Mbits/sec    0   24.0 KBytes       
[  5]  47.10-47.20  sec  0.00 Bytes  0.00 Mbits/sec    0   24.0 KBytes       
[  5]  47.20-47.30  sec   128 KBytes  10.5 Mbits/sec    0   24.0 KBytes       
[  5]  47.30-47.40  sec  0.00 Bytes  0.00 Mbits/sec    0   25.5 KBytes       
[  5]  47.40-47.50  sec  0.00 Bytes  0.00 Mbits/sec    0   25.5 KBytes       
[  5]  47.50-47.60  sec  0.00 Bytes  0.00 Mbits/sec    0   26.9 KBytes       
[  5]  47.60-47.70  sec  0.00 Bytes  0.00 Mbits/sec    1   24.0 KBytes       
[  5]  47.70-47.80  sec  0.00 Bytes  0.00 Mbits/sec    1   18.4 KBytes       
[  5]  47.80-47.90  sec  0.00 Bytes  0.00 Mbits/sec    1   15.6 KBytes       
[  5]  47.90-48.00  sec  0.00 Bytes  0.00 Mbits/sec    0   12.7 KBytes       
[  5]  48.00-48.10  sec  0.00 Bytes  0.00 Mbits/sec    0   12.7 KBytes       
[  5]  48.10-48.20  sec   128 KBytes  10.5 Mbits/sec    0   14.1 KBytes       
[  5]  48.20-48.30  sec  0.00 Bytes  0.00 Mbits/sec    0   14.1 KBytes       
[  5]  48.30-48.40  sec  0.00 Bytes  0.00 Mbits/sec    0   15.6 KBytes       
[  5]  48.40-48.50  sec  0.00 Bytes  0.00 Mbits/sec    0   15.6 KBytes       
[  5]  48.50-48.60  sec  0.00 Bytes  0.00 Mbits/sec    0   15.6 KBytes       
[  5]  48.60-48.70  sec  0.00 Bytes  0.00 Mbits/sec    0   15.6 KBytes       
[  5]  48.70-48.80  sec  0.00 Bytes  0.00 Mbits/sec    0   15.6 KBytes       
[  5]  48.80-48.90  sec  0.00 Bytes  0.00 Mbits/sec    0   15.6 KBytes       
[  5]  48.90-49.00  sec  0.00 Bytes  0.00 Mbits/sec    0   17.0 KBytes       
[  5]  49.00-49.10  sec  0.00 Bytes  0.00 Mbits/sec    0   17.0 KBytes       
[  5]  49.10-49.20  sec  0.00 Bytes  0.00 Mbits/sec    0   17.0 KBytes       
[  5]  49.20-49.30  sec  0.00 Bytes  0.00 Mbits/sec    0   18.4 KBytes       
[  5]  49.30-49.40  sec  0.00 Bytes  0.00 Mbits/sec    2   12.7 KBytes       
[  5]  49.40-49.50  sec  0.00 Bytes  0.00 Mbits/sec    0   12.7 KBytes       
[  5]  49.50-49.60  sec   128 KBytes  10.5 Mbits/sec    0   12.7 KBytes       
[  5]  49.60-49.70  sec  0.00 Bytes  0.00 Mbits/sec    0   14.1 KBytes       
[  5]  49.70-49.80  sec  0.00 Bytes  0.00 Mbits/sec    0   14.1 KBytes       
[  5]  49.80-49.90  sec  0.00 Bytes  0.00 Mbits/sec    0   15.6 KBytes       
[  5]  49.90-50.00  sec  0.00 Bytes  0.00 Mbits/sec    0   15.6 KBytes       
[  5]  50.00-50.10  sec  0.00 Bytes  0.00 Mbits/sec    0   17.0 KBytes       
[  5]  50.10-50.20  sec  0.00 Bytes  0.00 Mbits/sec    2   11.3 KBytes       
[  5]  50.20-50.30  sec  0.00 Bytes  0.00 Mbits/sec    0   11.3 KBytes       
[  5]  50.30-50.40  sec  0.00 Bytes  0.00 Mbits/sec    0   11.3 KBytes       
[  5]  50.40-50.50  sec  0.00 Bytes  0.00 Mbits/sec    0   12.7 KBytes       
[  5]  50.50-50.60  sec  0.00 Bytes  0.00 Mbits/sec    0   12.7 KBytes       
[  5]  50.60-50.70  sec  0.00 Bytes  0.00 Mbits/sec    0   14.1 KBytes       
[  5]  50.70-50.80  sec  0.00 Bytes  0.00 Mbits/sec    0   14.1 KBytes       
[  5]  50.80-50.90  sec  0.00 Bytes  0.00 Mbits/sec    0   14.1 KBytes       
[  5]  50.90-51.00  sec   128 KBytes  10.5 Mbits/sec    0   14.1 KBytes       
[  5]  51.00-51.10  sec  0.00 Bytes  0.00 Mbits/sec    2   9.90 KBytes       
[  5]  51.10-51.20  sec  0.00 Bytes  0.00 Mbits/sec    0   9.90 KBytes       
[  5]  51.20-51.30  sec  0.00 Bytes  0.00 Mbits/sec    0   9.90 KBytes       
[  5]  51.30-51.40  sec  0.00 Bytes  0.00 Mbits/sec    0   11.3 KBytes       
[  5]  51.40-51.50  sec  0.00 Bytes  0.00 Mbits/sec    0   12.7 KBytes       
[  5]  51.50-51.60  sec  0.00 Bytes  0.00 Mbits/sec    0   12.7 KBytes       
[  5]  51.60-51.70  sec  0.00 Bytes  0.00 Mbits/sec    0   12.7 KBytes       
[  5]  51.70-51.80  sec  0.00 Bytes  0.00 Mbits/sec    0   14.1 KBytes       
[  5]  51.80-51.90  sec  0.00 Bytes  0.00 Mbits/sec    0   14.1 KBytes       
[  5]  51.90-52.00  sec  0.00 Bytes  0.00 Mbits/sec    0   14.1 KBytes       
[  5]  52.00-52.10  sec  0.00 Bytes  0.00 Mbits/sec    0   14.1 KBytes       
[  5]  52.10-52.20  sec  0.00 Bytes  0.00 Mbits/sec    2   9.90 KBytes       
[  5]  52.20-52.30  sec  0.00 Bytes  0.00 Mbits/sec    0   9.90 KBytes       
[  5]  52.30-52.40  sec  0.00 Bytes  0.00 Mbits/sec    0   9.90 KBytes       
[  5]  52.40-52.50  sec  0.00 Bytes  0.00 Mbits/sec    0   11.3 KBytes       
[  5]  52.50-52.60  sec  0.00 Bytes  0.00 Mbits/sec    0   11.3 KBytes       
[  5]  52.60-52.70  sec  0.00 Bytes  0.00 Mbits/sec    0   12.7 KBytes       
[  5]  52.70-52.80  sec  0.00 Bytes  0.00 Mbits/sec    0   14.1 KBytes       
[  5]  52.80-52.90  sec   128 KBytes  10.5 Mbits/sec    0   14.1 KBytes       
[  5]  52.90-53.00  sec  0.00 Bytes  0.00 Mbits/sec    0   14.1 KBytes       
[  5]  53.00-53.10  sec  0.00 Bytes  0.00 Mbits/sec    0   14.1 KBytes       
[  5]  53.10-53.20  sec  0.00 Bytes  0.00 Mbits/sec    0   14.1 KBytes       
[  5]  53.20-53.30  sec  0.00 Bytes  0.00 Mbits/sec    0   14.1 KBytes       
[  5]  53.30-53.40  sec  0.00 Bytes  0.00 Mbits/sec    0   14.1 KBytes       
[  5]  53.40-53.50  sec  0.00 Bytes  0.00 Mbits/sec    0   14.1 KBytes       
[  5]  53.50-53.60  sec  0.00 Bytes  0.00 Mbits/sec    0   15.6 KBytes       
[  5]  53.60-53.70  sec  0.00 Bytes  0.00 Mbits/sec    0   15.6 KBytes       
[  5]  53.70-53.80  sec  0.00 Bytes  0.00 Mbits/sec    0   15.6 KBytes       
[  5]  53.80-53.90  sec  0.00 Bytes  0.00 Mbits/sec    2   9.90 KBytes       
[  5]  53.90-54.00  sec  0.00 Bytes  0.00 Mbits/sec    0   9.90 KBytes       
[  5]  54.00-54.10  sec  0.00 Bytes  0.00 Mbits/sec    0   9.90 KBytes       
[  5]  54.10-54.20  sec  0.00 Bytes  0.00 Mbits/sec    0   11.3 KBytes       
[  5]  54.20-54.30  sec  0.00 Bytes  0.00 Mbits/sec    0   12.7 KBytes       
[  5]  54.30-54.40  sec   128 KBytes  10.5 Mbits/sec    0   12.7 KBytes       
[  5]  54.40-54.50  sec  0.00 Bytes  0.00 Mbits/sec    0   14.1 KBytes       
[  5]  54.50-54.60  sec  0.00 Bytes  0.00 Mbits/sec    0   14.1 KBytes       
[  5]  54.60-54.70  sec  0.00 Bytes  0.00 Mbits/sec    0   14.1 KBytes       
[  5]  54.70-54.80  sec  0.00 Bytes  0.00 Mbits/sec    0   15.6 KBytes       
[  5]  54.80-54.90  sec  0.00 Bytes  0.00 Mbits/sec    0   15.6 KBytes       
[  5]  54.90-55.00  sec  0.00 Bytes  0.00 Mbits/sec    0   15.6 KBytes       
[  5]  55.00-55.10  sec  0.00 Bytes  0.00 Mbits/sec    0   15.6 KBytes       
[  5]  55.10-55.20  sec  0.00 Bytes  0.00 Mbits/sec    0   15.6 KBytes       
[  5]  55.20-55.30  sec  0.00 Bytes  0.00 Mbits/sec    0   15.6 KBytes       
[  5]  55.30-55.40  sec  0.00 Bytes  0.00 Mbits/sec    0   15.6 KBytes       
[  5]  55.40-55.50  sec  0.00 Bytes  0.00 Mbits/sec    0   15.6 KBytes       
[  5]  55.50-55.60  sec  0.00 Bytes  0.00 Mbits/sec    0   17.0 KBytes       
[  5]  55.60-55.70  sec  0.00 Bytes  0.00 Mbits/sec    0   17.0 KBytes       
[  5]  55.70-55.80  sec   128 KBytes  10.5 Mbits/sec    0   17.0 KBytes       
[  5]  55.80-55.90  sec  0.00 Bytes  0.00 Mbits/sec    0   17.0 KBytes       
[  5]  55.90-56.00  sec  0.00 Bytes  0.00 Mbits/sec    0   18.4 KBytes       
[  5]  56.00-56.10  sec  0.00 Bytes  0.00 Mbits/sec    0   18.4 KBytes       
[  5]  56.10-56.20  sec  0.00 Bytes  0.00 Mbits/sec    0   18.4 KBytes       
[  5]  56.20-56.30  sec  0.00 Bytes  0.00 Mbits/sec    0   19.8 KBytes       
[  5]  56.30-56.40  sec  0.00 Bytes  0.00 Mbits/sec    0   19.8 KBytes       
[  5]  56.40-56.50  sec  0.00 Bytes  0.00 Mbits/sec    0   19.8 KBytes       
[  5]  56.50-56.60  sec  0.00 Bytes  0.00 Mbits/sec    0   21.2 KBytes       
[  5]  56.60-56.70  sec  0.00 Bytes  0.00 Mbits/sec    0   21.2 KBytes       
[  5]  56.70-56.80  sec  0.00 Bytes  0.00 Mbits/sec    0   21.2 KBytes       
[  5]  56.80-56.90  sec   128 KBytes  10.5 Mbits/sec    0   22.6 KBytes       
[  5]  56.90-57.00  sec  0.00 Bytes  0.00 Mbits/sec    0   22.6 KBytes       
[  5]  57.00-57.10  sec  0.00 Bytes  0.00 Mbits/sec    0   22.6 KBytes       
[  5]  57.10-57.20  sec  0.00 Bytes  0.00 Mbits/sec    0   24.0 KBytes       
[  5]  57.20-57.30  sec  0.00 Bytes  0.00 Mbits/sec    0   24.0 KBytes       
[  5]  57.30-57.40  sec  0.00 Bytes  0.00 Mbits/sec    0   25.5 KBytes       
[  5]  57.40-57.50  sec  0.00 Bytes  0.00 Mbits/sec    0   25.5 KBytes       
[  5]  57.50-57.60  sec  0.00 Bytes  0.00 Mbits/sec    0   25.5 KBytes       
[  5]  57.60-57.70  sec   128 KBytes  10.5 Mbits/sec    0   25.5 KBytes       
[  5]  57.70-57.80  sec  0.00 Bytes  0.00 Mbits/sec    2   18.4 KBytes       
[  5]  57.80-57.90  sec  0.00 Bytes  0.00 Mbits/sec    0   18.4 KBytes       
[  5]  57.90-58.00  sec  0.00 Bytes  0.00 Mbits/sec    0   18.4 KBytes       
[  5]  58.00-58.10  sec  0.00 Bytes  0.00 Mbits/sec    0   21.2 KBytes       
[  5]  58.10-58.20  sec  0.00 Bytes  0.00 Mbits/sec    0   21.2 KBytes       
[  5]  58.20-58.30  sec  0.00 Bytes  0.00 Mbits/sec    0   22.6 KBytes       
[  5]  58.30-58.40  sec  0.00 Bytes  0.00 Mbits/sec    0   24.0 KBytes       
[  5]  58.40-58.50  sec  0.00 Bytes  0.00 Mbits/sec    0   24.0 KBytes       
[  5]  58.50-58.60  sec  0.00 Bytes  0.00 Mbits/sec    0   25.5 KBytes       
[  5]  58.60-58.70  sec   128 KBytes  10.5 Mbits/sec    0   25.5 KBytes       
[  5]  58.70-58.80  sec  0.00 Bytes  0.00 Mbits/sec    0   25.5 KBytes       
[  5]  58.80-58.90  sec  0.00 Bytes  0.00 Mbits/sec    0   26.9 KBytes       
[  5]  58.90-59.00  sec  0.00 Bytes  0.00 Mbits/sec    0   26.9 KBytes       
[  5]  59.00-59.10  sec  0.00 Bytes  0.00 Mbits/sec    0   26.9 KBytes       
[  5]  59.10-59.20  sec  0.00 Bytes  0.00 Mbits/sec    0   26.9 KBytes       
[  5]  59.20-59.30  sec  0.00 Bytes  0.00 Mbits/sec    0   26.9 KBytes       
[  5]  59.30-59.40  sec  0.00 Bytes  0.00 Mbits/sec    2   24.0 KBytes       
[  5]  59.40-59.50  sec  0.00 Bytes  0.00 Mbits/sec    0   18.4 KBytes       
[  5]  59.50-59.60  sec   128 KBytes  10.5 Mbits/sec    0   18.4 KBytes       
[  5]  59.60-59.70  sec  0.00 Bytes  0.00 Mbits/sec    0   19.8 KBytes       
[  5]  59.70-59.80  sec  0.00 Bytes  0.00 Mbits/sec    0   21.2 KBytes       
[  5]  59.80-59.90  sec  0.00 Bytes  0.00 Mbits/sec    0   22.6 KBytes       
[  5]  59.90-60.00  sec  0.00 Bytes  0.00 Mbits/sec    0   22.6 KBytes       
[  5]  60.00-60.10  sec  0.00 Bytes  0.00 Mbits/sec    0   24.0 KBytes       
[  5]  60.10-60.20  sec  0.00 Bytes  0.00 Mbits/sec    0   24.0 KBytes       
[  5]  60.20-60.30  sec  0.00 Bytes  0.00 Mbits/sec    0   25.5 KBytes       
[  5]  60.30-60.40  sec   128 KBytes  10.5 Mbits/sec    0   25.5 KBytes       
[  5]  60.40-60.50  sec  0.00 Bytes  0.00 Mbits/sec    0   25.5 KBytes       
[  5]  60.50-60.60  sec  0.00 Bytes  0.00 Mbits/sec    0   26.9 KBytes       
[  5]  60.60-60.70  sec  0.00 Bytes  0.00 Mbits/sec    0   26.9 KBytes       
[  5]  60.70-60.80  sec  0.00 Bytes  0.00 Mbits/sec    0   26.9 KBytes       
[  5]  60.80-60.90  sec  0.00 Bytes  0.00 Mbits/sec    0   26.9 KBytes       
[  5]  60.90-61.00  sec  0.00 Bytes  0.00 Mbits/sec    0   26.9 KBytes       
[  5]  61.00-61.10  sec   128 KBytes  10.5 Mbits/sec    0   26.9 KBytes       
[  5]  61.10-61.20  sec  0.00 Bytes  0.00 Mbits/sec    0   26.9 KBytes       
[  5]  61.20-61.30  sec  0.00 Bytes  0.00 Mbits/sec    0   26.9 KBytes       
[  5]  61.30-61.40  sec  0.00 Bytes  0.00 Mbits/sec    2   22.6 KBytes       
[  5]  61.40-61.50  sec  0.00 Bytes  0.00 Mbits/sec    0   18.4 KBytes       
[  5]  61.50-61.60  sec  0.00 Bytes  0.00 Mbits/sec    0   19.8 KBytes       
[  5]  61.60-61.70  sec  0.00 Bytes  0.00 Mbits/sec    0   19.8 KBytes       
[  5]  61.70-61.80  sec  0.00 Bytes  0.00 Mbits/sec    0   21.2 KBytes       
[  5]  61.80-61.90  sec  0.00 Bytes  0.00 Mbits/sec    0   22.6 KBytes       
[  5]  61.90-62.00  sec   128 KBytes  10.5 Mbits/sec    0   22.6 KBytes       
[  5]  62.00-62.10  sec  0.00 Bytes  0.00 Mbits/sec    0   24.0 KBytes       
[  5]  62.10-62.20  sec  0.00 Bytes  0.00 Mbits/sec    0   25.5 KBytes       
[  5]  62.20-62.30  sec  0.00 Bytes  0.00 Mbits/sec    0   25.5 KBytes       
[  5]  62.30-62.40  sec  0.00 Bytes  0.00 Mbits/sec    2   19.8 KBytes       
[  5]  62.40-62.50  sec  0.00 Bytes  0.00 Mbits/sec    0   17.0 KBytes       
[  5]  62.50-62.60  sec  0.00 Bytes  0.00 Mbits/sec    0   17.0 KBytes       
[  5]  62.60-62.70  sec  0.00 Bytes  0.00 Mbits/sec    0   18.4 KBytes       
[  5]  62.70-62.80  sec  0.00 Bytes  0.00 Mbits/sec    0   19.8 KBytes       
[  5]  62.80-62.90  sec  0.00 Bytes  0.00 Mbits/sec    0   19.8 KBytes       
[  5]  62.90-63.00  sec   128 KBytes  10.5 Mbits/sec    0   19.8 KBytes       
[  5]  63.00-63.10  sec  0.00 Bytes  0.00 Mbits/sec    0   21.2 KBytes       
[  5]  63.10-63.20  sec  0.00 Bytes  0.00 Mbits/sec    0   21.2 KBytes       
[  5]  63.20-63.30  sec  0.00 Bytes  0.00 Mbits/sec    0   21.2 KBytes       
[  5]  63.30-63.40  sec  0.00 Bytes  0.00 Mbits/sec    0   21.2 KBytes       
[  5]  63.40-63.50  sec  0.00 Bytes  0.00 Mbits/sec    0   21.2 KBytes       
[  5]  63.50-63.60  sec  0.00 Bytes  0.00 Mbits/sec    0   21.2 KBytes       
[  5]  63.60-63.70  sec  0.00 Bytes  0.00 Mbits/sec    0   21.2 KBytes       
[  5]  63.70-63.80  sec  0.00 Bytes  0.00 Mbits/sec    0   22.6 KBytes       
[  5]  63.80-63.90  sec  0.00 Bytes  0.00 Mbits/sec    0   22.6 KBytes       
[  5]  63.90-64.00  sec   128 KBytes  10.5 Mbits/sec    0   22.6 KBytes       
[  5]  64.00-64.10  sec  0.00 Bytes  0.00 Mbits/sec    0   24.0 KBytes       
[  5]  64.10-64.20  sec  0.00 Bytes  0.00 Mbits/sec    0   24.0 KBytes       
[  5]  64.20-64.30  sec  0.00 Bytes  0.00 Mbits/sec    0   24.0 KBytes       
[  5]  64.30-64.40  sec  0.00 Bytes  0.00 Mbits/sec    2   15.6 KBytes       
[  5]  64.40-64.50  sec  0.00 Bytes  0.00 Mbits/sec    0   15.6 KBytes       
[  5]  64.50-64.60  sec  0.00 Bytes  0.00 Mbits/sec    0   15.6 KBytes       
[  5]  64.60-64.70  sec  0.00 Bytes  0.00 Mbits/sec    2   9.90 KBytes       
[  5]  64.70-64.80  sec  0.00 Bytes  0.00 Mbits/sec    0   9.90 KBytes       
[  5]  64.80-64.90  sec  0.00 Bytes  0.00 Mbits/sec    0   9.90 KBytes       
[  5]  64.90-65.00  sec  0.00 Bytes  0.00 Mbits/sec    0   11.3 KBytes       
[  5]  65.00-65.10  sec  0.00 Bytes  0.00 Mbits/sec    0   12.7 KBytes       
[  5]  65.10-65.20  sec   128 KBytes  10.5 Mbits/sec    0   12.7 KBytes       
[  5]  65.20-65.30  sec  0.00 Bytes  0.00 Mbits/sec    0   12.7 KBytes       
[  5]  65.30-65.40  sec  0.00 Bytes  0.00 Mbits/sec    0   12.7 KBytes       
[  5]  65.40-65.50  sec  0.00 Bytes  0.00 Mbits/sec    0   12.7 KBytes       
[  5]  65.50-65.60  sec  0.00 Bytes  0.00 Mbits/sec    0   12.7 KBytes       
[  5]  65.60-65.70  sec  0.00 Bytes  0.00 Mbits/sec    0   12.7 KBytes       
[  5]  65.70-65.80  sec  0.00 Bytes  0.00 Mbits/sec    0   14.1 KBytes       
[  5]  65.80-65.90  sec  0.00 Bytes  0.00 Mbits/sec    1   9.90 KBytes       
[  5]  65.90-66.00  sec  0.00 Bytes  0.00 Mbits/sec    0   9.90 KBytes       
[  5]  66.00-66.10  sec  0.00 Bytes  0.00 Mbits/sec    0   9.90 KBytes       
[  5]  66.10-66.20  sec  0.00 Bytes  0.00 Mbits/sec    0   9.90 KBytes       
[  5]  66.20-66.30  sec  0.00 Bytes  0.00 Mbits/sec    0   12.7 KBytes       
[  5]  66.30-66.40  sec  0.00 Bytes  0.00 Mbits/sec    0   12.7 KBytes       
[  5]  66.40-66.50  sec  0.00 Bytes  0.00 Mbits/sec    0   12.7 KBytes       
[  5]  66.50-66.60  sec  0.00 Bytes  0.00 Mbits/sec    0   14.1 KBytes       
[  5]  66.60-66.70  sec  0.00 Bytes  0.00 Mbits/sec    0   14.1 KBytes       
[  5]  66.70-66.80  sec  0.00 Bytes  0.00 Mbits/sec    0   14.1 KBytes       
[  5]  66.80-66.90  sec   128 KBytes  10.5 Mbits/sec    0   14.1 KBytes       
[  5]  66.90-67.00  sec  0.00 Bytes  0.00 Mbits/sec    2   9.90 KBytes       
[  5]  67.00-67.10  sec  0.00 Bytes  0.00 Mbits/sec    0   9.90 KBytes       
[  5]  67.10-67.20  sec  0.00 Bytes  0.00 Mbits/sec    0   9.90 KBytes       
[  5]  67.20-67.30  sec  0.00 Bytes  0.00 Mbits/sec    0   11.3 KBytes       
[  5]  67.30-67.40  sec  0.00 Bytes  0.00 Mbits/sec    0   11.3 KBytes       
[  5]  67.40-67.50  sec  0.00 Bytes  0.00 Mbits/sec    0   12.7 KBytes       
[  5]  67.50-67.60  sec  0.00 Bytes  0.00 Mbits/sec    0   14.1 KBytes       
[  5]  67.60-67.70  sec  0.00 Bytes  0.00 Mbits/sec    0   14.1 KBytes       
[  5]  67.70-67.80  sec  0.00 Bytes  0.00 Mbits/sec    2   9.90 KBytes       
[  5]  67.80-67.90  sec  0.00 Bytes  0.00 Mbits/sec    0   9.90 KBytes       
[  5]  67.90-68.00  sec  0.00 Bytes  0.00 Mbits/sec    0   9.90 KBytes       
[  5]  68.00-68.10  sec  0.00 Bytes  0.00 Mbits/sec    1   11.3 KBytes       
[  5]  68.10-68.20  sec  0.00 Bytes  0.00 Mbits/sec    0   7.07 KBytes       
[  5]  68.20-68.30  sec  0.00 Bytes  0.00 Mbits/sec    2   4.24 KBytes       
[  5]  68.30-68.40  sec  0.00 Bytes  0.00 Mbits/sec    0   7.07 KBytes       
[  5]  68.40-68.50  sec  0.00 Bytes  0.00 Mbits/sec    0   7.07 KBytes       
[  5]  68.50-68.60  sec  0.00 Bytes  0.00 Mbits/sec    0   8.48 KBytes       
[  5]  68.60-68.70  sec  0.00 Bytes  0.00 Mbits/sec    0   8.48 KBytes       
[  5]  68.70-68.80  sec  0.00 Bytes  0.00 Mbits/sec    0   8.48 KBytes       
[  5]  68.80-68.90  sec  0.00 Bytes  0.00 Mbits/sec    0   8.48 KBytes       
[  5]  68.90-69.00  sec  0.00 Bytes  0.00 Mbits/sec    0   8.48 KBytes       
[  5]  69.00-69.10  sec   128 KBytes  10.5 Mbits/sec    0   9.90 KBytes       
[  5]  69.10-69.20  sec  0.00 Bytes  0.00 Mbits/sec    0   9.90 KBytes       
[  5]  69.20-69.30  sec  0.00 Bytes  0.00 Mbits/sec    0   9.90 KBytes       
[  5]  69.30-69.40  sec  0.00 Bytes  0.00 Mbits/sec    0   11.3 KBytes       
[  5]  69.40-69.50  sec  0.00 Bytes  0.00 Mbits/sec    0   11.3 KBytes       
[  5]  69.50-69.60  sec  0.00 Bytes  0.00 Mbits/sec    0   11.3 KBytes       
[  5]  69.60-69.70  sec  0.00 Bytes  0.00 Mbits/sec    0   12.7 KBytes       
[  5]  69.70-69.80  sec  0.00 Bytes  0.00 Mbits/sec    0   12.7 KBytes       
[  5]  69.80-69.90  sec  0.00 Bytes  0.00 Mbits/sec    0   12.7 KBytes       
[  5]  69.90-70.00  sec  0.00 Bytes  0.00 Mbits/sec    0   12.7 KBytes       
[  5]  70.00-70.10  sec  0.00 Bytes  0.00 Mbits/sec    2   8.48 KBytes       
[  5]  70.10-70.20  sec  0.00 Bytes  0.00 Mbits/sec    0   8.48 KBytes       
[  5]  70.20-70.30  sec  0.00 Bytes  0.00 Mbits/sec    0   8.48 KBytes       
[  5]  70.30-70.40  sec  0.00 Bytes  0.00 Mbits/sec    0   9.90 KBytes       
[  5]  70.40-70.50  sec  0.00 Bytes  0.00 Mbits/sec    0   11.3 KBytes       
[  5]  70.50-70.60  sec  0.00 Bytes  0.00 Mbits/sec    0   11.3 KBytes       
[  5]  70.60-70.70  sec  0.00 Bytes  0.00 Mbits/sec    0   12.7 KBytes       
[  5]  70.70-70.80  sec  0.00 Bytes  0.00 Mbits/sec    0   12.7 KBytes       
[  5]  70.80-70.90  sec  0.00 Bytes  0.00 Mbits/sec    0   12.7 KBytes       
[  5]  70.90-71.00  sec   128 KBytes  10.5 Mbits/sec    0   12.7 KBytes       
[  5]  71.00-71.10  sec  0.00 Bytes  0.00 Mbits/sec    0   12.7 KBytes       
[  5]  71.10-71.20  sec  0.00 Bytes  0.00 Mbits/sec    0   12.7 KBytes       
[  5]  71.20-71.30  sec  0.00 Bytes  0.00 Mbits/sec    0   12.7 KBytes       
[  5]  71.30-71.40  sec  0.00 Bytes  0.00 Mbits/sec    0   12.7 KBytes       
[  5]  71.40-71.50  sec  0.00 Bytes  0.00 Mbits/sec    0   14.1 KBytes       
[  5]  71.50-71.60  sec  0.00 Bytes  0.00 Mbits/sec    0   14.1 KBytes       
[  5]  71.60-71.70  sec  0.00 Bytes  0.00 Mbits/sec    0   14.1 KBytes       
[  5]  71.70-71.80  sec  0.00 Bytes  0.00 Mbits/sec    0   15.6 KBytes       
[  5]  71.80-71.90  sec  0.00 Bytes  0.00 Mbits/sec    1   9.90 KBytes       
[  5]  71.90-72.00  sec  0.00 Bytes  0.00 Mbits/sec    0   9.90 KBytes       
[  5]  72.00-72.10  sec  0.00 Bytes  0.00 Mbits/sec    0   11.3 KBytes       
[  5]  72.10-72.20  sec  0.00 Bytes  0.00 Mbits/sec    0   11.3 KBytes       
[  5]  72.20-72.30  sec  0.00 Bytes  0.00 Mbits/sec    0   12.7 KBytes       
[  5]  72.30-72.40  sec  0.00 Bytes  0.00 Mbits/sec    0   14.1 KBytes       
[  5]  72.40-72.50  sec  0.00 Bytes  0.00 Mbits/sec    0   14.1 KBytes       
[  5]  72.50-72.60  sec   128 KBytes  10.5 Mbits/sec    0   14.1 KBytes       
[  5]  72.60-72.70  sec  0.00 Bytes  0.00 Mbits/sec    0   15.6 KBytes       
[  5]  72.70-72.80  sec  0.00 Bytes  0.00 Mbits/sec    0   15.6 KBytes       
[  5]  72.80-72.90  sec  0.00 Bytes  0.00 Mbits/sec    0   15.6 KBytes       
[  5]  72.90-73.00  sec  0.00 Bytes  0.00 Mbits/sec    0   15.6 KBytes       
[  5]  73.00-73.10  sec  0.00 Bytes  0.00 Mbits/sec    0   15.6 KBytes       
[  5]  73.10-73.20  sec  0.00 Bytes  0.00 Mbits/sec    0   15.6 KBytes       
[  5]  73.20-73.30  sec  0.00 Bytes  0.00 Mbits/sec    0   15.6 KBytes       
[  5]  73.30-73.40  sec  0.00 Bytes  0.00 Mbits/sec    0   15.6 KBytes       
[  5]  73.40-73.50  sec  0.00 Bytes  0.00 Mbits/sec    0   15.6 KBytes       
[  5]  73.50-73.60  sec  0.00 Bytes  0.00 Mbits/sec    2   9.90 KBytes       
[  5]  73.60-73.70  sec  0.00 Bytes  0.00 Mbits/sec    0   9.90 KBytes       
[  5]  73.70-73.80  sec  0.00 Bytes  0.00 Mbits/sec    0   9.90 KBytes       
[  5]  73.80-73.90  sec  0.00 Bytes  0.00 Mbits/sec    0   11.3 KBytes       
[  5]  73.90-74.00  sec  0.00 Bytes  0.00 Mbits/sec    2   8.48 KBytes       
[  5]  74.00-74.10  sec  0.00 Bytes  0.00 Mbits/sec    0   7.07 KBytes       
[  5]  74.10-74.20  sec   128 KBytes  10.5 Mbits/sec    0   7.07 KBytes       
[  5]  74.20-74.30  sec  0.00 Bytes  0.00 Mbits/sec    0   8.48 KBytes       
[  5]  74.30-74.40  sec  0.00 Bytes  0.00 Mbits/sec    0   8.48 KBytes       
[  5]  74.40-74.50  sec  0.00 Bytes  0.00 Mbits/sec    0   8.48 KBytes       
[  5]  74.50-74.60  sec  0.00 Bytes  0.00 Mbits/sec    0   8.48 KBytes       
[  5]  74.60-74.70  sec  0.00 Bytes  0.00 Mbits/sec    0   8.48 KBytes       
[  5]  74.70-74.80  sec  0.00 Bytes  0.00 Mbits/sec    0   9.90 KBytes       
[  5]  74.80-74.90  sec  0.00 Bytes  0.00 Mbits/sec    0   9.90 KBytes       
[  5]  74.90-75.00  sec  0.00 Bytes  0.00 Mbits/sec    0   9.90 KBytes       
- - - - - - - - - - - - - - - - - - - - - - - - -
[ ID] Interval           Transfer     Bitrate         Retr
[  5]   0.00-75.00  sec  8.66 MBytes  0.97 Mbits/sec  119             sender
[  5]   0.00-75.15  sec  7.91 MBytes  0.88 Mbits/sec                  receiver

iperf Done.
*** Stopping 0 controllers

*** Stopping 2 links
..
*** Stopping 0 switches

*** Stopping 3 hosts
h1 h2 r1 
*** Done
max_queue_size = 140 packets
