(10.00Mbit 75ms delay 0.00000% loss) (10.00Mbit 75ms delay 0.00000% loss) (10.00Mbit 1ms delay 0.00000% loss) (10.00Mbit 1ms delay 0.00000% loss) *** Configuring hosts
h1 h2 r1 
[sidecar] Setting congestion control to cubic
[sidecar] tso and gso are OFF
[sidecar] Starting the NGINX/Python webserver on h1...
[sidecar] NOT starting the TCP PEP or sidecar
*** h2 : ('iperf3 -c 10.0.1.10 -t 25 -f m -C cubic',)
Connecting to host 10.0.1.10, port 5201
[  5] local 10.0.2.10 port 53178 connected to 10.0.1.10 port 5201
[ ID] Interval           Transfer     Bitrate         Retr  Cwnd
[  5]   0.00-1.00   sec   933 KBytes  7.64 Mbits/sec    0    187 KBytes       
[  5]   1.00-2.00   sec  1.74 MBytes  14.6 Mbits/sec    0    245 KBytes       
[  5]   2.00-3.00   sec  1.12 MBytes  9.38 Mbits/sec    0    303 KBytes       
[  5]   3.00-4.00   sec  1.30 MBytes  10.9 Mbits/sec    0    362 KBytes       
[  5]   4.00-5.00   sec  1.55 MBytes  13.0 Mbits/sec    0    420 KBytes       
[  5]   5.00-6.00   sec  1.80 MBytes  15.1 Mbits/sec    0    478 KBytes       
[  5]   6.00-7.00   sec  1018 KBytes  8.34 Mbits/sec    0    536 KBytes       
[  5]   7.00-8.00   sec  1.06 MBytes  8.86 Mbits/sec    0    399 KBytes       
[  5]   8.00-9.00   sec  1.06 MBytes  8.86 Mbits/sec    0    452 KBytes       
[  5]   9.00-10.00  sec  1.06 MBytes  8.86 Mbits/sec    0    495 KBytes       
[  5]  10.00-11.00  sec  1.06 MBytes  8.86 Mbits/sec    0    522 KBytes       
[  5]  11.00-12.00  sec  1.06 MBytes  8.86 Mbits/sec    0    537 KBytes       
[  5]  12.00-13.00  sec  2.11 MBytes  17.7 Mbits/sec    0    546 KBytes       
[  5]  13.00-14.00  sec  1.06 MBytes  8.86 Mbits/sec    0    547 KBytes       
[  5]  14.00-15.00  sec  1.06 MBytes  8.86 Mbits/sec    0    547 KBytes       
[  5]  15.00-16.00  sec  1.06 MBytes  8.86 Mbits/sec    0    550 KBytes       
[  5]  16.00-17.00  sec  1.12 MBytes  9.38 Mbits/sec    0    556 KBytes       
[  5]  17.00-18.00  sec  1.12 MBytes  9.38 Mbits/sec    0    454 KBytes       
[  5]  18.00-19.00  sec  1.12 MBytes  9.38 Mbits/sec    0    438 KBytes       
[  5]  19.00-20.00  sec  1.12 MBytes  9.38 Mbits/sec    0    488 KBytes       
[  5]  20.00-21.00  sec  1.12 MBytes  9.38 Mbits/sec    0    523 KBytes       
[  5]  21.00-22.00  sec  1.12 MBytes  9.38 Mbits/sec    0    546 KBytes       
[  5]  22.00-23.00  sec  1.12 MBytes  9.38 Mbits/sec    0    559 KBytes       
[  5]  23.00-24.00  sec  1.12 MBytes  9.38 Mbits/sec    0    563 KBytes       
[  5]  24.00-25.00  sec  1.12 MBytes  9.38 Mbits/sec    0    413 KBytes       
- - - - - - - - - - - - - - - - - - - - - - - - -
[ ID] Interval           Transfer     Bitrate         Retr
[  5]   0.00-25.00  sec  30.1 MBytes  10.1 Mbits/sec    0             sender
[  5]   0.00-25.35  sec  28.0 MBytes  9.28 Mbits/sec                  receiver

iperf Done.
*** Stopping 0 controllers

*** Stopping 2 links
..
*** Stopping 0 switches

*** Stopping 3 hosts
h1 h2 r1 
*** Done
max_queue_size = 140 packets
