(10.00Mbit 75ms delay 0.00000% loss) (10.00Mbit 75ms delay 0.00000% loss) (10.00Mbit 1ms delay 0.00000% loss) (10.00Mbit 1ms delay 0.00000% loss) *** Configuring hosts
h1 h2 r1 
[sidecar] Setting congestion control to cubic
[sidecar] tso and gso are OFF
[sidecar] Starting the NGINX/Python webserver on h1...
[sidecar] NOT starting the TCP PEP or sidecar
*** h2 : ('iperf3 -c 10.0.1.10 -t 25 -f m -b 10M -C cubic',)
Connecting to host 10.0.1.10, port 5201
[  5] local 10.0.2.10 port 57622 connected to 10.0.1.10 port 5201
[ ID] Interval           Transfer     Bitrate         Retr  Cwnd
[  5]   0.00-1.00   sec   887 KBytes  7.26 Mbits/sec    0    187 KBytes       
[  5]   1.00-2.00   sec  1.50 MBytes  12.6 Mbits/sec    0    245 KBytes       
[  5]   2.00-3.00   sec  1.25 MBytes  10.5 Mbits/sec    0    303 KBytes       
[  5]   3.00-4.00   sec  1.25 MBytes  10.5 Mbits/sec    0    362 KBytes       
[  5]   4.00-5.00   sec  1.12 MBytes  9.44 Mbits/sec    0    420 KBytes       
[  5]   5.00-6.00   sec  1.25 MBytes  10.5 Mbits/sec    0    478 KBytes       
[  5]   6.00-7.00   sec  1.12 MBytes  9.44 Mbits/sec    0    536 KBytes       
[  5]   7.00-8.00   sec  1.25 MBytes  10.5 Mbits/sec    0    402 KBytes       
[  5]   8.00-9.00   sec  1.12 MBytes  9.44 Mbits/sec    0    454 KBytes       
[  5]   9.00-10.00  sec  1.25 MBytes  10.5 Mbits/sec    0    494 KBytes       
[  5]  10.00-11.00  sec  1.12 MBytes  9.44 Mbits/sec    0    518 KBytes       
[  5]  11.00-12.00  sec  1.25 MBytes  10.5 Mbits/sec    0    532 KBytes       
[  5]  12.00-13.00  sec  1.25 MBytes  10.5 Mbits/sec    0    539 KBytes       
[  5]  13.00-14.00  sec  1.12 MBytes  9.44 Mbits/sec    0    540 KBytes       
[  5]  14.00-15.00  sec  1.25 MBytes  10.5 Mbits/sec    0    540 KBytes       
[  5]  15.00-16.00  sec  1.12 MBytes  9.44 Mbits/sec    0    543 KBytes       
[  5]  16.00-17.00  sec  1.25 MBytes  10.5 Mbits/sec    0    551 KBytes       
[  5]  17.00-18.00  sec  1.12 MBytes  9.44 Mbits/sec    0    496 KBytes       
[  5]  18.00-19.00  sec  1.25 MBytes  10.5 Mbits/sec    0    431 KBytes       
[  5]  19.00-20.00  sec  1.12 MBytes  9.44 Mbits/sec    0    482 KBytes       
[  5]  20.00-21.00  sec  1.12 MBytes  9.44 Mbits/sec    0    520 KBytes       
[  5]  21.00-22.00  sec  1.12 MBytes  9.44 Mbits/sec    0    544 KBytes       
[  5]  22.00-23.00  sec  1.25 MBytes  10.5 Mbits/sec    0    557 KBytes       
[  5]  23.00-24.00  sec  1.12 MBytes  9.44 Mbits/sec    0    563 KBytes       
[  5]  24.00-25.00  sec  1.25 MBytes  10.5 Mbits/sec    0    406 KBytes       
- - - - - - - - - - - - - - - - - - - - - - - - -
[ ID] Interval           Transfer     Bitrate         Retr
[  5]   0.00-25.00  sec  29.7 MBytes  9.98 Mbits/sec    0             sender
[  5]   0.00-25.35  sec  28.0 MBytes  9.28 Mbits/sec                  receiver

iperf Done.
*** Stopping 0 controllers

*** Stopping 2 links
..
*** Stopping 0 switches

*** Stopping 3 hosts
h1 h2 r1 
*** Done
max_queue_size = 140 packets
