(10.00Mbit 75ms delay 0.00000% loss) (10.00Mbit 75ms delay 0.00000% loss) (10.00Mbit 1ms delay 1.00000% loss) (10.00Mbit 1ms delay 1.00000% loss) *** Configuring hosts
h1 h2 r1 
[sidecar] Setting congestion control to cubic
[sidecar] tso and gso are OFF
[sidecar] Starting the NGINX/Python webserver on h1...
[sidecar] NOT starting the TCP PEP or sidecar
*** h2 : ('iperf3 -c 10.0.1.10 -t 50 -f m -b 10M -C cubic',)
Connecting to host 10.0.1.10, port 5201
[  5] local 10.0.2.10 port 60338 connected to 10.0.1.10 port 5201
[ ID] Interval           Transfer     Bitrate         Retr  Cwnd
[  5]   0.00-1.00   sec   163 KBytes  1.33 Mbits/sec    6   12.7 KBytes       
[  5]   1.00-2.00   sec   163 KBytes  1.33 Mbits/sec    2   8.48 KBytes       
[  5]   2.00-3.00   sec  0.00 Bytes  0.00 Mbits/sec    1   7.07 KBytes       
[  5]   3.00-4.00   sec  63.6 KBytes  0.52 Mbits/sec    0   9.90 KBytes       
[  5]   4.00-5.00   sec  63.6 KBytes  0.52 Mbits/sec    2   9.90 KBytes       
[  5]   5.00-6.00   sec  63.6 KBytes  0.52 Mbits/sec    0   12.7 KBytes       
[  5]   6.00-7.00   sec  63.6 KBytes  0.52 Mbits/sec    0   17.0 KBytes       
[  5]   7.00-8.00   sec   127 KBytes  1.04 Mbits/sec    4   9.90 KBytes       
[  5]   8.00-9.00   sec  63.6 KBytes  0.52 Mbits/sec    2   11.3 KBytes       
[  5]   9.00-10.00  sec  63.6 KBytes  0.52 Mbits/sec    2   11.3 KBytes       
[  5]  10.00-11.00  sec  63.6 KBytes  0.52 Mbits/sec    0   14.1 KBytes       
[  5]  11.00-12.00  sec   127 KBytes  1.04 Mbits/sec    0   18.4 KBytes       
[  5]  12.00-13.00  sec  63.6 KBytes  0.52 Mbits/sec    2   17.0 KBytes       
[  5]  13.00-14.00  sec   127 KBytes  1.04 Mbits/sec    4   15.6 KBytes       
[  5]  14.00-15.00  sec  63.6 KBytes  0.52 Mbits/sec    0   18.4 KBytes       
[  5]  15.00-16.00  sec   127 KBytes  1.04 Mbits/sec    0   22.6 KBytes       
[  5]  16.00-17.00  sec   127 KBytes  1.04 Mbits/sec    2   21.2 KBytes       
[  5]  17.00-18.00  sec   127 KBytes  1.04 Mbits/sec    0   24.0 KBytes       
[  5]  18.00-19.00  sec   191 KBytes  1.56 Mbits/sec    2   21.2 KBytes       
[  5]  19.00-20.00  sec  63.6 KBytes  0.52 Mbits/sec    5   9.90 KBytes       
[  5]  20.00-21.00  sec   127 KBytes  1.04 Mbits/sec    0   12.7 KBytes       
[  5]  21.00-22.00  sec  63.6 KBytes  0.52 Mbits/sec    0   17.0 KBytes       
[  5]  22.00-23.00  sec   127 KBytes  1.04 Mbits/sec    0   22.6 KBytes       
[  5]  23.00-24.00  sec   130 KBytes  1.07 Mbits/sec    0   26.9 KBytes       
[  5]  24.00-25.00  sec   318 KBytes  2.61 Mbits/sec    0   36.8 KBytes       
[  5]  25.00-26.00  sec   127 KBytes  1.04 Mbits/sec    3   24.0 KBytes       
[  5]  26.00-27.00  sec   127 KBytes  1.04 Mbits/sec    2   17.0 KBytes       
[  5]  27.00-28.00  sec   127 KBytes  1.04 Mbits/sec    6   14.1 KBytes       
[  5]  28.00-29.00  sec   127 KBytes  1.04 Mbits/sec    2   14.1 KBytes       
[  5]  29.00-30.00  sec  0.00 Bytes  0.00 Mbits/sec    0   17.0 KBytes       
[  5]  30.00-31.00  sec   127 KBytes  1.04 Mbits/sec    0   21.2 KBytes       
[  5]  31.00-32.00  sec   127 KBytes  1.04 Mbits/sec    2   19.8 KBytes       
[  5]  32.00-33.00  sec   127 KBytes  1.04 Mbits/sec    2   19.8 KBytes       
[  5]  33.00-34.00  sec   127 KBytes  1.04 Mbits/sec    2   17.0 KBytes       
[  5]  34.00-35.00  sec   127 KBytes  1.04 Mbits/sec    3   15.6 KBytes       
[  5]  35.00-36.00  sec  0.00 Bytes  0.00 Mbits/sec    2   14.1 KBytes       
[  5]  36.00-37.00  sec   127 KBytes  1.04 Mbits/sec    0   18.4 KBytes       
[  5]  37.00-38.00  sec   127 KBytes  1.04 Mbits/sec    2   15.6 KBytes       
[  5]  38.00-39.00  sec   127 KBytes  1.04 Mbits/sec    0   19.8 KBytes       
[  5]  39.00-40.00  sec   127 KBytes  1.04 Mbits/sec    1   18.4 KBytes       
[  5]  40.00-41.00  sec   127 KBytes  1.04 Mbits/sec    0   19.8 KBytes       
[  5]  41.00-42.00  sec   127 KBytes  1.04 Mbits/sec    2   18.4 KBytes       
[  5]  42.00-43.00  sec  0.00 Bytes  0.00 Mbits/sec    0   19.8 KBytes       
[  5]  43.00-44.00  sec   255 KBytes  2.09 Mbits/sec    0   24.0 KBytes       
[  5]  44.00-45.00  sec  0.00 Bytes  0.00 Mbits/sec    1   22.6 KBytes       
[  5]  45.00-46.00  sec   255 KBytes  2.09 Mbits/sec    0   24.0 KBytes       
[  5]  46.00-47.00  sec   127 KBytes  1.04 Mbits/sec    2   22.6 KBytes       
[  5]  47.00-48.00  sec   127 KBytes  1.04 Mbits/sec    0   24.0 KBytes       
[  5]  48.00-49.00  sec   127 KBytes  1.04 Mbits/sec    2   19.8 KBytes       
[  5]  49.00-50.00  sec  0.00 Bytes  0.00 Mbits/sec    4   9.90 KBytes       
- - - - - - - - - - - - - - - - - - - - - - - - -
[ ID] Interval           Transfer     Bitrate         Retr
[  5]   0.00-50.00  sec  5.35 MBytes  0.90 Mbits/sec   72             sender
[  5]   0.00-50.15  sec  5.21 MBytes  0.87 Mbits/sec                  receiver

iperf Done.
*** Stopping 0 controllers

*** Stopping 2 links
..
*** Stopping 0 switches

*** Stopping 3 hosts
h1 h2 r1 
*** Done
max_queue_size = 140 packets
