(10.00Mbit 75ms delay 0.00000% loss) (10.00Mbit 75ms delay 0.00000% loss) (10.00Mbit 1ms delay 0.00000% loss) (10.00Mbit 1ms delay 0.00000% loss) *** Configuring hosts
h1 h2 r1 
[sidecar] Setting congestion control to cubic
[sidecar] tso and gso are OFF
[sidecar] Starting the NGINX/Python webserver on h1...
[sidecar] NOT starting the TCP PEP or sidecar
*** h2 : ('python3 mininet/client.py -n 20M --http 1 --stdout /dev/null --stderr /dev/null -cc cubic --loss 0 --log-level error -t 1 ',)
head -c 20M /dev/urandom > /tmp/tmp06jvjyjk
Data Size: 20M
HTTP: --http1.1
RUST_LOG=error sidecurl --http1.1 --insecure --quiche-cc cubic --data-binary @/tmp/tmp06jvjyjk  https://10.0.1.10:443/ -w "%{time_connect}\t%{time_appconnect}\t%{time_starttransfer}\t\t%{time_total}\t%{exitcode}\t\t%{response_code}\t\t%{size_upload}\t\t%{size_download}\t%{errormsg}\n" --max-time 3000 -o /dev/null 2>>/dev/null
time_connect	time_appconnect	time_starttransfer	time_total	exitcode	response_code	size_upload	size_download	errormsg
0.304306	0.774876	0.622860		18.786609	0		200		20974092		18	
*** Stopping 0 controllers

*** Stopping 2 links
..
*** Stopping 0 switches

*** Stopping 3 hosts
h1 h2 r1 
*** Done
max_queue_size = 140 packets
