(10.00Mbit 75ms delay 0.00000% loss) (10.00Mbit 75ms delay 0.00000% loss) (10.00Mbit 1ms delay 5.00000% loss) (10.00Mbit 1ms delay 5.00000% loss) *** Configuring hosts
h1 h2 r1 
[sidecar] Setting congestion control to cubic
[sidecar] tso and gso are OFF
[sidecar] Starting the NGINX/Python webserver on h1...
[sidecar] NOT starting the TCP PEP or sidecar
*** h2 : ('iperf3 -c 10.0.1.10 -t 150 -f m -b 20M -C cubic',)
Connecting to host 10.0.1.10, port 5201
[  5] local 10.0.2.10 port 49014 connected to 10.0.1.10 port 5201
[ ID] Interval           Transfer     Bitrate         Retr  Cwnd
[  5]   0.00-1.00   sec   120 KBytes  0.98 Mbits/sec    5   11.3 KBytes       
[  5]   1.00-2.00   sec  55.1 KBytes  0.45 Mbits/sec    2   11.3 KBytes       
[  5]   2.00-3.00   sec  91.9 KBytes  0.75 Mbits/sec    3   5.66 KBytes       
[  5]   3.00-4.00   sec  87.7 KBytes  0.72 Mbits/sec    0   9.90 KBytes       
[  5]   4.00-5.00   sec  0.00 Bytes  0.00 Mbits/sec    4   4.24 KBytes       
[  5]   5.00-6.00   sec  0.00 Bytes  0.00 Mbits/sec    1   5.66 KBytes       
[  5]   6.00-7.00   sec  84.8 KBytes  0.70 Mbits/sec    1   8.48 KBytes       
[  5]   7.00-8.00   sec  89.1 KBytes  0.73 Mbits/sec    0   9.90 KBytes       
[  5]   8.00-9.00   sec  0.00 Bytes  0.00 Mbits/sec    4   7.07 KBytes       
[  5]   9.00-10.00  sec  90.5 KBytes  0.74 Mbits/sec    2   7.07 KBytes       
[  5]  10.00-11.00  sec  0.00 Bytes  0.00 Mbits/sec    5   5.66 KBytes       
[  5]  11.00-12.00  sec  83.4 KBytes  0.68 Mbits/sec    2   7.07 KBytes       
[  5]  12.00-13.00  sec  0.00 Bytes  0.00 Mbits/sec    3   8.48 KBytes       
[  5]  13.00-14.00  sec  86.3 KBytes  0.71 Mbits/sec    2   8.48 KBytes       
[  5]  14.00-15.00  sec  0.00 Bytes  0.00 Mbits/sec    0   9.90 KBytes       
[  5]  15.00-16.00  sec  0.00 Bytes  0.00 Mbits/sec    3   4.24 KBytes       
[  5]  16.00-17.00  sec  76.4 KBytes  0.63 Mbits/sec    2   4.24 KBytes       
[  5]  17.00-18.00  sec  0.00 Bytes  0.00 Mbits/sec    3   2.83 KBytes       
[  5]  18.00-19.00  sec  0.00 Bytes  0.00 Mbits/sec    0   7.07 KBytes       
[  5]  19.00-20.00  sec  84.8 KBytes  0.70 Mbits/sec    1   7.07 KBytes       
[  5]  20.00-21.00  sec  0.00 Bytes  0.00 Mbits/sec    3   7.07 KBytes       
[  5]  21.00-22.00  sec  84.8 KBytes  0.70 Mbits/sec    0   9.90 KBytes       
[  5]  22.00-23.00  sec  87.7 KBytes  0.72 Mbits/sec    4   11.3 KBytes       
[  5]  23.00-24.00  sec  0.00 Bytes  0.00 Mbits/sec    3   9.90 KBytes       
[  5]  24.00-25.00  sec  84.8 KBytes  0.70 Mbits/sec    2   9.90 KBytes       
[  5]  25.00-26.00  sec  0.00 Bytes  0.00 Mbits/sec    2   9.90 KBytes       
[  5]  26.00-27.00  sec  86.3 KBytes  0.71 Mbits/sec    3   5.66 KBytes       
[  5]  27.00-28.00  sec  0.00 Bytes  0.00 Mbits/sec    2   7.07 KBytes       
[  5]  28.00-29.00  sec  0.00 Bytes  0.00 Mbits/sec    2   7.07 KBytes       
[  5]  29.00-30.00  sec  83.4 KBytes  0.68 Mbits/sec    2   5.66 KBytes       
[  5]  30.00-31.00  sec  87.7 KBytes  0.72 Mbits/sec    0   9.90 KBytes       
[  5]  31.00-32.00  sec  0.00 Bytes  0.00 Mbits/sec    0   12.7 KBytes       
[  5]  32.00-33.00  sec   180 KBytes  1.47 Mbits/sec    0   18.4 KBytes       
[  5]  33.00-34.00  sec  73.5 KBytes  0.60 Mbits/sec    0   22.6 KBytes       
[  5]  34.00-35.00  sec   137 KBytes  1.12 Mbits/sec    5   7.07 KBytes       
[  5]  35.00-36.00  sec  63.6 KBytes  0.52 Mbits/sec    2   5.66 KBytes       
[  5]  36.00-37.00  sec  0.00 Bytes  0.00 Mbits/sec    1   7.07 KBytes       
[  5]  37.00-38.00  sec  63.6 KBytes  0.52 Mbits/sec    1   9.90 KBytes       
[  5]  38.00-39.00  sec  63.6 KBytes  0.52 Mbits/sec    2   9.90 KBytes       
[  5]  39.00-40.00  sec  63.6 KBytes  0.52 Mbits/sec    2   7.07 KBytes       
[  5]  40.00-41.00  sec  63.6 KBytes  0.52 Mbits/sec    0   11.3 KBytes       
[  5]  41.00-42.00  sec  63.6 KBytes  0.52 Mbits/sec    4   9.90 KBytes       
[  5]  42.00-43.00  sec  0.00 Bytes  0.00 Mbits/sec    2   9.90 KBytes       
[  5]  43.00-44.00  sec  63.6 KBytes  0.52 Mbits/sec    2   9.90 KBytes       
[  5]  44.00-45.00  sec  63.6 KBytes  0.52 Mbits/sec    2   9.90 KBytes       
[  5]  45.00-46.00  sec  0.00 Bytes  0.00 Mbits/sec    3   5.66 KBytes       
[  5]  46.00-47.00  sec  63.6 KBytes  0.52 Mbits/sec    3   4.24 KBytes       
[  5]  47.00-48.00  sec  0.00 Bytes  0.00 Mbits/sec    1   4.24 KBytes       
[  5]  48.00-49.00  sec  63.6 KBytes  0.52 Mbits/sec    2   5.66 KBytes       
[  5]  49.00-50.00  sec  0.00 Bytes  0.00 Mbits/sec    0   8.48 KBytes       
[  5]  50.00-51.00  sec  63.6 KBytes  0.52 Mbits/sec    0   14.1 KBytes       
[  5]  51.00-52.00  sec  63.6 KBytes  0.52 Mbits/sec    2   14.1 KBytes       
[  5]  52.00-53.00  sec   127 KBytes  1.04 Mbits/sec    2   14.1 KBytes       
[  5]  53.00-54.00  sec  0.00 Bytes  0.00 Mbits/sec    4   9.90 KBytes       
[  5]  54.00-55.00  sec  69.3 KBytes  0.57 Mbits/sec    4   9.90 KBytes       
[  5]  55.00-56.00  sec  63.6 KBytes  0.52 Mbits/sec    4   7.07 KBytes       
[  5]  56.00-57.00  sec  63.6 KBytes  0.52 Mbits/sec    3   4.24 KBytes       
[  5]  57.00-58.00  sec  0.00 Bytes  0.00 Mbits/sec    3   4.24 KBytes       
[  5]  58.00-59.00  sec  63.6 KBytes  0.52 Mbits/sec    0   8.48 KBytes       
[  5]  59.00-60.00  sec  63.6 KBytes  0.52 Mbits/sec    0   12.7 KBytes       
[  5]  60.00-61.00  sec  0.00 Bytes  0.00 Mbits/sec    5   4.24 KBytes       
[  5]  61.00-62.00  sec  63.6 KBytes  0.52 Mbits/sec    0   9.90 KBytes       
[  5]  62.00-63.00  sec  63.6 KBytes  0.52 Mbits/sec    2   8.48 KBytes       
[  5]  63.00-64.00  sec  63.6 KBytes  0.52 Mbits/sec    0   11.3 KBytes       
[  5]  64.00-65.00  sec  63.6 KBytes  0.52 Mbits/sec    3   7.07 KBytes       
[  5]  65.00-66.00  sec  0.00 Bytes  0.00 Mbits/sec    2   5.66 KBytes       
[  5]  66.00-67.00  sec  63.6 KBytes  0.52 Mbits/sec    4   5.66 KBytes       
[  5]  67.00-68.00  sec  0.00 Bytes  0.00 Mbits/sec    0   9.90 KBytes       
[  5]  68.00-69.00  sec  63.6 KBytes  0.52 Mbits/sec    0   14.1 KBytes       
[  5]  69.00-70.00  sec  63.6 KBytes  0.52 Mbits/sec    3   8.48 KBytes       
[  5]  70.00-71.00  sec  63.6 KBytes  0.52 Mbits/sec    2   7.07 KBytes       
[  5]  71.00-72.00  sec  63.6 KBytes  0.52 Mbits/sec    1   7.07 KBytes       
[  5]  72.00-73.00  sec  63.6 KBytes  0.52 Mbits/sec    2   7.07 KBytes       
[  5]  73.00-74.00  sec  0.00 Bytes  0.00 Mbits/sec    3   5.66 KBytes       
[  5]  74.00-75.00  sec  63.6 KBytes  0.52 Mbits/sec    3   4.24 KBytes       
[  5]  75.00-76.00  sec  0.00 Bytes  0.00 Mbits/sec    1   5.66 KBytes       
[  5]  76.00-77.00  sec  63.6 KBytes  0.52 Mbits/sec    0   9.90 KBytes       
[  5]  77.00-78.00  sec  63.6 KBytes  0.52 Mbits/sec    2   11.3 KBytes       
[  5]  78.00-79.00  sec  63.6 KBytes  0.52 Mbits/sec    0   14.1 KBytes       
[  5]  79.00-80.00  sec  63.6 KBytes  0.52 Mbits/sec    5   8.48 KBytes       
[  5]  80.00-81.00  sec  63.6 KBytes  0.52 Mbits/sec    3   5.66 KBytes       
[  5]  81.00-82.00  sec  63.6 KBytes  0.52 Mbits/sec    0   9.90 KBytes       
[  5]  82.00-83.00  sec  63.6 KBytes  0.52 Mbits/sec    2   9.90 KBytes       
[  5]  83.00-84.00  sec  0.00 Bytes  0.00 Mbits/sec    0   9.90 KBytes       
[  5]  84.00-85.00  sec  63.6 KBytes  0.52 Mbits/sec    2   9.90 KBytes       
[  5]  85.00-86.00  sec  63.6 KBytes  0.52 Mbits/sec    0   12.7 KBytes       
[  5]  86.00-87.00  sec  63.6 KBytes  0.52 Mbits/sec    2   11.3 KBytes       
[  5]  87.00-88.00  sec  63.6 KBytes  0.52 Mbits/sec    2   9.90 KBytes       
[  5]  88.00-89.00  sec  63.6 KBytes  0.52 Mbits/sec    4   7.07 KBytes       
[  5]  89.00-90.00  sec  63.6 KBytes  0.52 Mbits/sec    5   4.24 KBytes       
[  5]  90.00-91.00  sec  0.00 Bytes  0.00 Mbits/sec    1   5.66 KBytes       
[  5]  91.00-92.00  sec  0.00 Bytes  0.00 Mbits/sec    2   5.66 KBytes       
[  5]  92.00-93.00  sec  63.6 KBytes  0.52 Mbits/sec    0   8.48 KBytes       
[  5]  93.00-94.00  sec  63.6 KBytes  0.52 Mbits/sec    4   7.07 KBytes       
[  5]  94.00-95.00  sec  0.00 Bytes  0.00 Mbits/sec    4   5.66 KBytes       
[  5]  95.00-96.00  sec  63.6 KBytes  0.52 Mbits/sec    0   8.48 KBytes       
[  5]  96.00-97.00  sec  63.6 KBytes  0.52 Mbits/sec    0   12.7 KBytes       
[  5]  97.00-98.00  sec  63.6 KBytes  0.52 Mbits/sec    0   18.4 KBytes       
[  5]  98.00-99.00  sec   127 KBytes  1.04 Mbits/sec    5   9.90 KBytes       
[  5]  99.00-100.00 sec  63.6 KBytes  0.52 Mbits/sec    0   14.1 KBytes       
[  5] 100.00-101.00 sec  63.6 KBytes  0.52 Mbits/sec    4   8.48 KBytes       
[  5] 101.00-102.00 sec  63.6 KBytes  0.52 Mbits/sec    2   7.07 KBytes       
[  5] 102.00-103.00 sec  63.6 KBytes  0.52 Mbits/sec    1   11.3 KBytes       
[  5] 103.00-104.00 sec  63.6 KBytes  0.52 Mbits/sec    0   14.1 KBytes       
[  5] 104.00-105.00 sec  63.6 KBytes  0.52 Mbits/sec    3   8.48 KBytes       
[  5] 105.00-106.00 sec  63.6 KBytes  0.52 Mbits/sec    3   5.66 KBytes       
[  5] 106.00-107.00 sec  0.00 Bytes  0.00 Mbits/sec    2   5.66 KBytes       
[  5] 107.00-108.00 sec  63.6 KBytes  0.52 Mbits/sec    2   7.07 KBytes       
[  5] 108.00-109.00 sec  63.6 KBytes  0.52 Mbits/sec    2   7.07 KBytes       
[  5] 109.00-110.00 sec  0.00 Bytes  0.00 Mbits/sec    0   11.3 KBytes       
[  5] 110.00-111.00 sec  63.6 KBytes  0.52 Mbits/sec    5   4.24 KBytes       
[  5] 111.00-112.00 sec  63.6 KBytes  0.52 Mbits/sec    0   8.48 KBytes       
[  5] 112.00-113.00 sec  63.6 KBytes  0.52 Mbits/sec    0   14.1 KBytes       
[  5] 113.00-114.00 sec  63.6 KBytes  0.52 Mbits/sec    4   7.07 KBytes       
[  5] 114.00-115.00 sec  0.00 Bytes  0.00 Mbits/sec    2   2.83 KBytes       
[  5] 115.00-116.00 sec  0.00 Bytes  0.00 Mbits/sec    1   4.24 KBytes       
[  5] 116.00-117.00 sec  63.6 KBytes  0.52 Mbits/sec    0   7.07 KBytes       
[  5] 117.00-118.00 sec  0.00 Bytes  0.00 Mbits/sec    1   7.07 KBytes       
[  5] 118.00-119.00 sec  63.6 KBytes  0.52 Mbits/sec    0   9.90 KBytes       
[  5] 119.00-120.00 sec  63.6 KBytes  0.52 Mbits/sec    0   14.1 KBytes       
[  5] 120.00-121.00 sec  63.6 KBytes  0.52 Mbits/sec    2   14.1 KBytes       
[  5] 121.00-122.00 sec   127 KBytes  1.04 Mbits/sec    2   12.7 KBytes       
[  5] 122.00-123.00 sec  63.6 KBytes  0.52 Mbits/sec    0   15.6 KBytes       
[  5] 123.00-124.00 sec  63.6 KBytes  0.52 Mbits/sec    2   14.1 KBytes       
[  5] 124.00-125.00 sec   127 KBytes  1.04 Mbits/sec    0   17.0 KBytes       
[  5] 125.00-126.00 sec  63.6 KBytes  0.52 Mbits/sec    5   15.6 KBytes       
[  5] 126.00-127.00 sec  63.6 KBytes  0.52 Mbits/sec    4   8.48 KBytes       
[  5] 127.00-128.00 sec  63.6 KBytes  0.52 Mbits/sec    1   5.66 KBytes       
[  5] 128.00-129.00 sec  63.6 KBytes  0.52 Mbits/sec    0   9.90 KBytes       
[  5] 129.00-130.00 sec  63.6 KBytes  0.52 Mbits/sec    0   14.1 KBytes       
[  5] 130.00-131.00 sec  63.6 KBytes  0.52 Mbits/sec    4   12.7 KBytes       
[  5] 131.00-132.00 sec  63.6 KBytes  0.52 Mbits/sec    3   5.66 KBytes       
[  5] 132.00-133.00 sec  0.00 Bytes  0.00 Mbits/sec    2   5.66 KBytes       
[  5] 133.00-134.00 sec  63.6 KBytes  0.52 Mbits/sec    1   5.66 KBytes       
[  5] 134.00-135.00 sec  0.00 Bytes  0.00 Mbits/sec    0   9.90 KBytes       
[  5] 135.00-136.00 sec   127 KBytes  1.04 Mbits/sec    0   14.1 KBytes       
[  5] 136.00-137.00 sec  63.6 KBytes  0.52 Mbits/sec    2   15.6 KBytes       
[  5] 137.00-138.00 sec  63.6 KBytes  0.52 Mbits/sec    7   7.07 KBytes       
[  5] 138.00-139.00 sec  0.00 Bytes  0.00 Mbits/sec    2   5.66 KBytes       
[  5] 139.00-140.00 sec  63.6 KBytes  0.52 Mbits/sec    3   2.83 KBytes       
[  5] 140.00-141.00 sec  0.00 Bytes  0.00 Mbits/sec    0   8.48 KBytes       
[  5] 141.00-142.00 sec  63.6 KBytes  0.52 Mbits/sec    0   11.3 KBytes       
[  5] 142.00-143.00 sec  63.6 KBytes  0.52 Mbits/sec    4   5.66 KBytes       
[  5] 143.00-144.00 sec  0.00 Bytes  0.00 Mbits/sec    2   5.66 KBytes       
[  5] 144.00-145.00 sec  63.6 KBytes  0.52 Mbits/sec    0   8.48 KBytes       
[  5] 145.00-146.00 sec  0.00 Bytes  0.00 Mbits/sec    4   8.48 KBytes       
[  5] 146.00-147.00 sec  63.6 KBytes  0.52 Mbits/sec    2   5.66 KBytes       
[  5] 147.00-148.00 sec  63.6 KBytes  0.52 Mbits/sec    1   5.66 KBytes       
[  5] 148.00-149.00 sec  0.00 Bytes  0.00 Mbits/sec    3   2.83 KBytes       
[  5] 149.00-150.00 sec  63.6 KBytes  0.52 Mbits/sec    0   5.66 KBytes       
- - - - - - - - - - - - - - - - - - - - - - - - -
[ ID] Interval           Transfer     Bitrate         Retr
[  5]   0.00-150.00 sec  7.53 MBytes  0.42 Mbits/sec  282             sender
[  5]   0.00-150.15 sec  7.41 MBytes  0.41 Mbits/sec                  receiver

iperf Done.
*** Stopping 0 controllers

*** Stopping 2 links
..
*** Stopping 0 switches

*** Stopping 3 hosts
h1 h2 r1 
*** Done
max_queue_size = 140 packets
